#
# There is insufficient memory for the Java Runtime Environment to continue.
# Native memory allocation (malloc) failed to allocate 1803216 bytes for Chunk::new
# Possible reasons:
#   The system is out of physical RAM or swap space
#   The process is running with CompressedOops enabled, and the Java Heap may be blocking the growth of the native heap
# Possible solutions:
#   Reduce memory load on the system
#   Increase physical memory or swap space
#   Check if swap backing store is full
#   Decrease Java heap size (-Xmx/-Xms)
#   Decrease number of Java threads
#   Decrease Java thread stack sizes (-Xss)
#   Set larger code cache with -XX:ReservedCodeCacheSize=
#   JVM is running with Unscaled Compressed Oops mode in which the Java heap is
#     placed in the first 4GB address space. The Java Heap base address is the
#     maximum limit for the native heap growth. Please use -XX:HeapBaseMinAddress
#     to set the Java Heap base and to place the Java Heap above 4GB virtual address.
# This output file may be truncated or incomplete.
#
#  Out of Memory Error (./src/hotspot/share/memory/arena.cpp:197), pid=28612, tid=31668
#
# JRE version: OpenJDK Runtime Environment (11.0.11+9) (build 11.0.11+9-b60-7590822)
# Java VM: OpenJDK 64-Bit Server VM (11.0.11+9-b60-7590822, mixed mode, tiered, compressed oops, g1 gc, windows-amd64)
# No core dump will be written. Minidumps are not enabled by default on client versions of Windows
#

---------------  S U M M A R Y ------------

Command Line: --add-opens=java.base/java.util=ALL-UNNAMED --add-opens=java.base/java.lang=ALL-UNNAMED --add-opens=java.base/java.lang.invoke=ALL-UNNAMED --add-opens=java.base/java.util=ALL-UNNAMED --add-opens=java.prefs/java.util.prefs=ALL-UNNAMED --add-opens=java.prefs/java.util.prefs=ALL-UNNAMED --add-opens=java.base/java.nio.charset=ALL-UNNAMED --add-opens=java.base/java.net=ALL-UNNAMED --add-opens=java.base/java.util.concurrent.atomic=ALL-UNNAMED -Xmx2048m -Dfile.encoding=UTF-8 -Duser.country=RU -Duser.language=ru -Duser.variant org.gradle.launcher.daemon.bootstrap.GradleDaemon 7.2

Host: Intel(R) Core(TM) i5-7300HQ CPU @ 2.50GHz, 4 cores, 11G,  Windows 10 , 64 bit Build 19041 (10.0.19041.1566)
Time: Mon Mar 28 17:21:47 2022 RTZ 2 (зима) elapsed time: 41.010799 seconds (0d 0h 0m 41s)

---------------  T H R E A D  ---------------

Current thread (0x0000023329eff000):  JavaThread "C2 CompilerThread0" daemon [_thread_in_native, id=31668, stack(0x000000c753700000,0x000000c753800000)]


Current CompileTask:
C2:  41010 11604       4       org.objectweb.asm.ClassReader::readMethod (1061 bytes)

Stack: [0x000000c753700000,0x000000c753800000]
Native frames: (J=compiled Java code, j=interpreted, Vv=VM code, C=native code)
V  [jvm.dll+0x5f214a]
V  [jvm.dll+0x726fb5]
V  [jvm.dll+0x7285cd]
V  [jvm.dll+0x728c83]
V  [jvm.dll+0x243278]
V  [jvm.dll+0xbc53c]
V  [jvm.dll+0xbca3c]
V  [jvm.dll+0x353e3b]
V  [jvm.dll+0x321893]
V  [jvm.dll+0x320d8a]
V  [jvm.dll+0x1fc1e2]
V  [jvm.dll+0x1fb3d4]
V  [jvm.dll+0x183d6c]
V  [jvm.dll+0x209a57]
V  [jvm.dll+0x2082a1]
V  [jvm.dll+0x6ef58f]
V  [jvm.dll+0x6e80b5]
V  [jvm.dll+0x5f1036]
C  [ucrtbase.dll+0x21bb2]
C  [KERNEL32.DLL+0x17034]
C  [ntdll.dll+0x52651]


---------------  P R O C E S S  ---------------

Threads class SMR info:
_java_thread_list=0x000002332d381480, length=92, elements={
0x00000233102dd000, 0x000002332a711800, 0x000002332a720000, 0x000002332a76c000,
0x000002332a76f000, 0x000002332a770800, 0x0000023329eff000, 0x0000023329f04000,
0x0000023329f05800, 0x000002332a8f5800, 0x000002332d30c000, 0x000002332ab08800,
0x000002332d381800, 0x000002332bf3d800, 0x000002332cb79000, 0x000002332c955800,
0x000002332cf78800, 0x000002332e214000, 0x000002332cab2800, 0x000002332cab5000,
0x000002332cab6800, 0x000002332cab1800, 0x000002332cab6000, 0x000002332cab8800,
0x000002332cab7800, 0x000002332cab3800, 0x000002332cab4000, 0x000002332d4f1000,
0x000002332d4f2000, 0x000002332d4f0800, 0x000002332d4ee800, 0x000002332d4f3000,
0x000002332d4f3800, 0x000002332d4ee000, 0x000002332d4f4800, 0x000002332d4ef800,
0x000002332d4fb000, 0x000002332d4f5800, 0x000002332d4f6000, 0x000002332d4f7800,
0x000002332d4f7000, 0x000002332d4f8800, 0x000002332d4f9800, 0x000002332d4fa000,
0x000002332e078000, 0x000002332e077800, 0x000002332e072800, 0x000002332e079000,
0x000002332e073000, 0x000002332e079800, 0x000002332e075800, 0x000002332e074000,
0x000002332e07a800, 0x000002332e075000, 0x000002332e07b800, 0x000002332e07c000,
0x000002332e076800, 0x000002332e07d000, 0x000002332e07e000, 0x000002332e07f800,
0x000002332e080800, 0x000002332e07e800, 0x000002332e081000, 0x00000233307d9800,
0x00000233307d8800, 0x00000233307d5000, 0x00000233307da000, 0x00000233307d4800,
0x00000233307d6000, 0x00000233307dc000, 0x00000233307db000, 0x00000233307dc800,
0x00000233307d7000, 0x00000233307dd800, 0x00000233307d7800, 0x00000233307e2800,
0x00000233307de000, 0x00000233307e0000, 0x00000233307e1800, 0x00000233307df000,
0x00000233307e0800, 0x000002332d005000, 0x000002332d003000, 0x000002332d002800,
0x000002332d009800, 0x000002332d009000, 0x000002332d006800, 0x000002332d00a800,
0x000002332d005800, 0x000002332d00c000, 0x000002332d00b800, 0x000002332c9b6800
}

Java Threads: ( => current thread )
  0x00000233102dd000 JavaThread "main" [_thread_blocked, id=18996, stack(0x000000c752b00000,0x000000c752c00000)]
  0x000002332a711800 JavaThread "Reference Handler" daemon [_thread_blocked, id=30152, stack(0x000000c753200000,0x000000c753300000)]
  0x000002332a720000 JavaThread "Finalizer" daemon [_thread_blocked, id=26060, stack(0x000000c753300000,0x000000c753400000)]
  0x000002332a76c000 JavaThread "Signal Dispatcher" daemon [_thread_blocked, id=25948, stack(0x000000c753400000,0x000000c753500000)]
  0x000002332a76f000 JavaThread "Attach Listener" daemon [_thread_blocked, id=12756, stack(0x000000c753500000,0x000000c753600000)]
  0x000002332a770800 JavaThread "Service Thread" daemon [_thread_blocked, id=18048, stack(0x000000c753600000,0x000000c753700000)]
=>0x0000023329eff000 JavaThread "C2 CompilerThread0" daemon [_thread_in_native, id=31668, stack(0x000000c753700000,0x000000c753800000)]
  0x0000023329f04000 JavaThread "C1 CompilerThread0" daemon [_thread_blocked, id=11448, stack(0x000000c753800000,0x000000c753900000)]
  0x0000023329f05800 JavaThread "Sweeper thread" daemon [_thread_blocked, id=20440, stack(0x000000c753900000,0x000000c753a00000)]
  0x000002332a8f5800 JavaThread "Common-Cleaner" daemon [_thread_blocked, id=5124, stack(0x000000c753a00000,0x000000c753b00000)]
  0x000002332d30c000 JavaThread "Daemon health stats" [_thread_blocked, id=28856, stack(0x000000c754000000,0x000000c754100000)]
  0x000002332ab08800 JavaThread "Incoming local TCP Connector on port 54644" [_thread_in_native, id=29588, stack(0x000000c753c00000,0x000000c753d00000)]
  0x000002332d381800 JavaThread "Daemon periodic checks" [_thread_blocked, id=12208, stack(0x000000c754100000,0x000000c754200000)]
  0x000002332bf3d800 JavaThread "Daemon" [_thread_blocked, id=22820, stack(0x000000c754200000,0x000000c754300000)]
  0x000002332cb79000 JavaThread "Handler for socket connection from /127.0.0.1:54644 to /127.0.0.1:54645" [_thread_in_native, id=21988, stack(0x000000c754300000,0x000000c754400000)]
  0x000002332c955800 JavaThread "Cancel handler" [_thread_blocked, id=26204, stack(0x000000c754400000,0x000000c754500000)]
  0x000002332cf78800 JavaThread "Daemon worker" [_thread_in_Java, id=24872, stack(0x000000c754500000,0x000000c754600000)]
  0x000002332e214000 JavaThread "Asynchronous log dispatcher for DefaultDaemonConnection: socket connection from /127.0.0.1:54644 to /127.0.0.1:54645" [_thread_blocked, id=1340, stack(0x000000c754700000,0x000000c754800000)]
  0x000002332cab2800 JavaThread "Stdin handler" [_thread_blocked, id=16988, stack(0x000000c754800000,0x000000c754900000)]
  0x000002332cab5000 JavaThread "Daemon client event forwarder" [_thread_blocked, id=17808, stack(0x000000c754900000,0x000000c754a00000)]
  0x000002332cab6800 JavaThread "Cache worker for journal cache (C:\Users\dkobi\.gradle\caches\journal-1)" [_thread_blocked, id=31140, stack(0x000000c754a00000,0x000000c754b00000)]
  0x000002332cab1800 JavaThread "File lock request listener" [_thread_in_native, id=28600, stack(0x000000c754b00000,0x000000c754c00000)]
  0x000002332cab6000 JavaThread "Cache worker for file hash cache (C:\Users\dkobi\.gradle\caches\7.2\fileHashes)" [_thread_blocked, id=8268, stack(0x000000c754c00000,0x000000c754d00000)]
  0x000002332cab8800 JavaThread "Cache worker for file hash cache (D:\calculator2\.gradle\7.2\fileHashes)" [_thread_in_vm, id=28124, stack(0x000000c754d00000,0x000000c754e00000)]
  0x000002332cab7800 JavaThread "File watcher server" daemon [_thread_in_native, id=2356, stack(0x000000c754e00000,0x000000c754f00000)]
  0x000002332cab3800 JavaThread "File watcher consumer" daemon [_thread_blocked, id=12256, stack(0x000000c754f00000,0x000000c755000000)]
  0x000002332cab4000 JavaThread "Cache worker for checksums cache (D:\calculator2\.gradle\checksums)" [_thread_blocked, id=29212, stack(0x000000c755000000,0x000000c755100000)]
  0x000002332d4f1000 JavaThread "Cache worker for cache directory md-supplier (C:\Users\dkobi\.gradle\caches\7.2\md-supplier)" [_thread_blocked, id=31328, stack(0x000000c755100000,0x000000c755200000)]
  0x000002332d4f2000 JavaThread "Cache worker for cache directory md-rule (C:\Users\dkobi\.gradle\caches\7.2\md-rule)" [_thread_blocked, id=19208, stack(0x000000c755200000,0x000000c755300000)]
  0x000002332d4f0800 JavaThread "Cache worker for execution history cache (C:\Users\dkobi\.gradle\caches\7.2\executionHistory)" [_thread_blocked, id=24612, stack(0x000000c755300000,0x000000c755400000)]
  0x000002332d4ee800 JavaThread "jar transforms" [_thread_blocked, id=18000, stack(0x000000c755400000,0x000000c755500000)]
  0x000002332d4f3000 JavaThread "Cache worker for file content cache (C:\Users\dkobi\.gradle\caches\7.2\fileContent)" [_thread_blocked, id=17620, stack(0x000000c755500000,0x000000c755600000)]
  0x000002332d4f3800 JavaThread "jar transforms Thread 2" [_thread_blocked, id=3416, stack(0x000000c755600000,0x000000c755700000)]
  0x000002332d4ee000 JavaThread "Cache worker for dependencies-accessors (D:\calculator2\.gradle\7.2\dependencies-accessors)" [_thread_blocked, id=15640, stack(0x000000c755700000,0x000000c755800000)]
  0x000002332d4f4800 JavaThread "jar transforms Thread 3" [_thread_blocked, id=5756, stack(0x000000c755800000,0x000000c755900000)]
  0x000002332d4ef800 JavaThread "Cache worker for Build Output Cleanup Cache (D:\calculator2\.gradle\buildOutputCleanup)" [_thread_blocked, id=26628, stack(0x000000c755900000,0x000000c755a00000)]
  0x000002332d4fb000 JavaThread "Unconstrained build operations" [_thread_blocked, id=15604, stack(0x000000c755a00000,0x000000c755b00000)]
  0x000002332d4f5800 JavaThread "Unconstrained build operations Thread 2" [_thread_blocked, id=24280, stack(0x000000c755b00000,0x000000c755c00000)]
  0x000002332d4f6000 JavaThread "Unconstrained build operations Thread 3" [_thread_blocked, id=17120, stack(0x000000c755c00000,0x000000c755d00000)]
  0x000002332d4f7800 JavaThread "Unconstrained build operations Thread 4" [_thread_blocked, id=30276, stack(0x000000c755d00000,0x000000c755e00000)]
  0x000002332d4f7000 JavaThread "Unconstrained build operations Thread 5" [_thread_blocked, id=19892, stack(0x000000c755e00000,0x000000c755f00000)]
  0x000002332d4f8800 JavaThread "Unconstrained build operations Thread 6" [_thread_blocked, id=4780, stack(0x000000c755f00000,0x000000c756000000)]
  0x000002332d4f9800 JavaThread "Unconstrained build operations Thread 7" [_thread_blocked, id=21528, stack(0x000000c756000000,0x000000c756100000)]
  0x000002332d4fa000 JavaThread "Unconstrained build operations Thread 8" [_thread_blocked, id=30684, stack(0x000000c756100000,0x000000c756200000)]
  0x000002332e078000 JavaThread "Unconstrained build operations Thread 9" [_thread_blocked, id=28400, stack(0x000000c756200000,0x000000c756300000)]
  0x000002332e077800 JavaThread "Unconstrained build operations Thread 10" [_thread_blocked, id=24348, stack(0x000000c756300000,0x000000c756400000)]
  0x000002332e072800 JavaThread "Unconstrained build operations Thread 11" [_thread_blocked, id=17708, stack(0x000000c756400000,0x000000c756500000)]
  0x000002332e079000 JavaThread "Unconstrained build operations Thread 12" [_thread_blocked, id=1760, stack(0x000000c756500000,0x000000c756600000)]
  0x000002332e073000 JavaThread "Unconstrained build operations Thread 13" [_thread_blocked, id=22688, stack(0x000000c756600000,0x000000c756700000)]
  0x000002332e079800 JavaThread "Unconstrained build operations Thread 14" [_thread_blocked, id=12848, stack(0x000000c756700000,0x000000c756800000)]
  0x000002332e075800 JavaThread "Unconstrained build operations Thread 15" [_thread_blocked, id=18740, stack(0x000000c756800000,0x000000c756900000)]
  0x000002332e074000 JavaThread "Unconstrained build operations Thread 16" [_thread_blocked, id=31692, stack(0x000000c756900000,0x000000c756a00000)]
  0x000002332e07a800 JavaThread "Unconstrained build operations Thread 17" [_thread_blocked, id=17896, stack(0x000000c756a00000,0x000000c756b00000)]
  0x000002332e075000 JavaThread "Unconstrained build operations Thread 18" [_thread_blocked, id=11444, stack(0x000000c756b00000,0x000000c756c00000)]
  0x000002332e07b800 JavaThread "Unconstrained build operations Thread 19" [_thread_blocked, id=8048, stack(0x000000c756c00000,0x000000c756d00000)]
  0x000002332e07c000 JavaThread "Unconstrained build operations Thread 20" [_thread_blocked, id=18252, stack(0x000000c756d00000,0x000000c756e00000)]
  0x000002332e076800 JavaThread "Unconstrained build operations Thread 21" [_thread_blocked, id=11368, stack(0x000000c756e00000,0x000000c756f00000)]
  0x000002332e07d000 JavaThread "Unconstrained build operations Thread 22" [_thread_blocked, id=14596, stack(0x000000c756f00000,0x000000c757000000)]
  0x000002332e07e000 JavaThread "Unconstrained build operations Thread 23" [_thread_blocked, id=30232, stack(0x000000c757000000,0x000000c757100000)]
  0x000002332e07f800 JavaThread "Unconstrained build operations Thread 24" [_thread_blocked, id=18792, stack(0x000000c757100000,0x000000c757200000)]
  0x000002332e080800 JavaThread "Unconstrained build operations Thread 25" [_thread_blocked, id=22344, stack(0x000000c757200000,0x000000c757300000)]
  0x000002332e07e800 JavaThread "Unconstrained build operations Thread 26" [_thread_blocked, id=28976, stack(0x000000c757300000,0x000000c757400000)]
  0x000002332e081000 JavaThread "Unconstrained build operations Thread 27" [_thread_blocked, id=22760, stack(0x000000c757400000,0x000000c757500000)]
  0x00000233307d9800 JavaThread "Unconstrained build operations Thread 28" [_thread_blocked, id=26596, stack(0x000000c757500000,0x000000c757600000)]
  0x00000233307d8800 JavaThread "Unconstrained build operations Thread 29" [_thread_blocked, id=22284, stack(0x000000c757600000,0x000000c757700000)]
  0x00000233307d5000 JavaThread "Unconstrained build operations Thread 30" [_thread_blocked, id=21652, stack(0x000000c757700000,0x000000c757800000)]
  0x00000233307da000 JavaThread "Unconstrained build operations Thread 31" [_thread_blocked, id=28736, stack(0x000000c757800000,0x000000c757900000)]
  0x00000233307d4800 JavaThread "Unconstrained build operations Thread 32" [_thread_blocked, id=17340, stack(0x000000c757900000,0x000000c757a00000)]
  0x00000233307d6000 JavaThread "Unconstrained build operations Thread 33" [_thread_blocked, id=3448, stack(0x000000c757a00000,0x000000c757b00000)]
  0x00000233307dc000 JavaThread "Unconstrained build operations Thread 34" [_thread_blocked, id=12512, stack(0x000000c757b00000,0x000000c757c00000)]
  0x00000233307db000 JavaThread "Unconstrained build operations Thread 35" [_thread_blocked, id=10512, stack(0x000000c757c00000,0x000000c757d00000)]
  0x00000233307dc800 JavaThread "Unconstrained build operations Thread 36" [_thread_blocked, id=30848, stack(0x000000c757d00000,0x000000c757e00000)]
  0x00000233307d7000 JavaThread "Unconstrained build operations Thread 37" [_thread_blocked, id=26184, stack(0x000000c757e00000,0x000000c757f00000)]
  0x00000233307dd800 JavaThread "Unconstrained build operations Thread 38" [_thread_blocked, id=11968, stack(0x000000c757f00000,0x000000c758000000)]
  0x00000233307d7800 JavaThread "Unconstrained build operations Thread 39" [_thread_blocked, id=26384, stack(0x000000c758000000,0x000000c758100000)]
  0x00000233307e2800 JavaThread "Unconstrained build operations Thread 40" [_thread_blocked, id=29904, stack(0x000000c758100000,0x000000c758200000)]
  0x00000233307de000 JavaThread "jar transforms Thread 4" [_thread_blocked, id=2324, stack(0x000000c758200000,0x000000c758300000)]
  0x00000233307e0000 JavaThread "Memory manager" [_thread_blocked, id=25616, stack(0x000000c758300000,0x000000c758400000)]
  0x00000233307e1800 JavaThread "build event listener" [_thread_blocked, id=17628, stack(0x000000c758400000,0x000000c758500000)]
  0x00000233307df000 JavaThread "build event listener" [_thread_blocked, id=9736, stack(0x000000c758500000,0x000000c758600000)]
  0x00000233307e0800 JavaThread "pool-3-thread-1" [_thread_blocked, id=24116, stack(0x000000c758600000,0x000000c758700000)]
  0x000002332d005000 JavaThread "build event listener" [_thread_blocked, id=28640, stack(0x000000c758700000,0x000000c758800000)]
  0x000002332d003000 JavaThread "Execution worker for ':'" [_thread_blocked, id=20080, stack(0x000000c758800000,0x000000c758900000)]
  0x000002332d002800 JavaThread "Execution worker for ':' Thread 2" [_thread_blocked, id=17380, stack(0x000000c758900000,0x000000c758a00000)]
  0x000002332d009800 JavaThread "Execution worker for ':' Thread 3" [_thread_blocked, id=20504, stack(0x000000c758a00000,0x000000c758b00000)]
  0x000002332d009000 JavaThread "Cache worker for execution history cache (D:\calculator2\.gradle\7.2\executionHistory)" [_thread_blocked, id=9624, stack(0x000000c758b00000,0x000000c758c00000)]
  0x000002332d006800 JavaThread "RMI Scheduler(0)" daemon [_thread_blocked, id=10324, stack(0x000000c754600000,0x000000c754700000)]
  0x000002332d00a800 JavaThread "RMI GC Daemon" daemon [_thread_blocked, id=24104, stack(0x000000c758d00000,0x000000c758e00000)]
  0x000002332d005800 JavaThread "RMI TCP Accept-0" daemon [_thread_in_native, id=30508, stack(0x000000c758e00000,0x000000c758f00000)]
  0x000002332d00c000 JavaThread "RMI Reaper" [_thread_blocked, id=23944, stack(0x000000c758f00000,0x000000c759000000)]
  0x000002332d00b800 JavaThread "RMI TCP Connection(1)-127.0.0.1" daemon [_thread_in_native, id=31028, stack(0x000000c759100000,0x000000c759200000)]
  0x000002332c9b6800 JavaThread "C2 CompilerThread1" daemon [_thread_in_native, id=27416, stack(0x000000c759300000,0x000000c759400000)]

Other Threads:
  0x0000023329eef800 VMThread "VM Thread" [stack: 0x000000c753100000,0x000000c753200000] [id=16632]
  0x000002332a90a800 WatcherThread [stack: 0x000000c753b00000,0x000000c753c00000] [id=26516]
  0x00000233102f6000 GCTaskThread "GC Thread#0" [stack: 0x000000c752c00000,0x000000c752d00000] [id=20052]
  0x000002332b430800 GCTaskThread "GC Thread#1" [stack: 0x000000c753d00000,0x000000c753e00000] [id=26512]
  0x000002332b114800 GCTaskThread "GC Thread#2" [stack: 0x000000c753e00000,0x000000c753f00000] [id=30388]
  0x000002332aa7d800 GCTaskThread "GC Thread#3" [stack: 0x000000c753f00000,0x000000c754000000] [id=13940]
  0x0000023310327800 ConcurrentGCThread "G1 Main Marker" [stack: 0x000000c752d00000,0x000000c752e00000] [id=480]
  0x0000023310329000 ConcurrentGCThread "G1 Conc#0" [stack: 0x000000c752e00000,0x000000c752f00000] [id=15596]
  0x00000233103be000 ConcurrentGCThread "G1 Refine#0" [stack: 0x000000c752f00000,0x000000c753000000] [id=27944]
  0x0000023329d40800 ConcurrentGCThread "G1 Young RemSet Sampling" [stack: 0x000000c753000000,0x000000c753100000] [id=12616]

Threads with active compile tasks:
C2 CompilerThread0  41035 11604       4       org.objectweb.asm.ClassReader::readMethod (1061 bytes)
C2 CompilerThread1  41035 11633       4       org.objectweb.asm.ClassReader::readField (667 bytes)

VM state:not at safepoint (normal execution)

VM Mutex/Monitor currently owned by a thread: None

Heap address: 0x0000000080000000, size: 2048 MB, Compressed Oops mode: 32-bit
Narrow klass base: 0x0000000000000000, Narrow klass shift: 3
Compressed class space size: 1073741824 Address: 0x0000000100000000

Heap:
 garbage-first heap   total 236544K, used 99608K [0x0000000080000000, 0x0000000100000000)
  region size 1024K, 15 young (15360K), 7 survivors (7168K)
 Metaspace       used 97446K, capacity 99768K, committed 99872K, reserved 1136640K
  class space    used 12511K, capacity 13407K, committed 13440K, reserved 1048576K
Heap Regions: E=young(eden), S=young(survivor), O=old, HS=humongous(starts), HC=humongous(continues), CS=collection set, F=free, A=archive, TAMS=top-at-mark-start (previous, next)
|   0|0x0000000080000000, 0x0000000080100000, 0x0000000080100000|100%| O|  |TAMS 0x0000000080100000, 0x0000000080000000| Untracked 
|   1|0x0000000080100000, 0x0000000080200000, 0x0000000080200000|100%| O|  |TAMS 0x0000000080200000, 0x0000000080100000| Untracked 
|   2|0x0000000080200000, 0x0000000080300000, 0x0000000080300000|100%| O|  |TAMS 0x0000000080300000, 0x0000000080200000| Untracked 
|   3|0x0000000080300000, 0x0000000080400000, 0x0000000080400000|100%|HS|  |TAMS 0x0000000080400000, 0x0000000080300000| Complete 
|   4|0x0000000080400000, 0x0000000080500000, 0x0000000080500000|100%|HC|  |TAMS 0x0000000080500000, 0x0000000080400000| Complete 
|   5|0x0000000080500000, 0x0000000080600000, 0x0000000080600000|100%|HC|  |TAMS 0x0000000080600000, 0x0000000080500000| Complete 
|   6|0x0000000080600000, 0x0000000080700000, 0x0000000080700000|100%| O|  |TAMS 0x0000000080700000, 0x0000000080600000| Untracked 
|   7|0x0000000080700000, 0x0000000080800000, 0x0000000080800000|100%| O|  |TAMS 0x0000000080800000, 0x0000000080700000| Untracked 
|   8|0x0000000080800000, 0x0000000080900000, 0x0000000080900000|100%| O|  |TAMS 0x0000000080900000, 0x0000000080800000| Untracked 
|   9|0x0000000080900000, 0x0000000080a00000, 0x0000000080a00000|100%| O|  |TAMS 0x0000000080a00000, 0x0000000080900000| Untracked 
|  10|0x0000000080a00000, 0x0000000080b00000, 0x0000000080b00000|100%| O|  |TAMS 0x0000000080b00000, 0x0000000080a00000| Untracked 
|  11|0x0000000080b00000, 0x0000000080c00000, 0x0000000080c00000|100%| O|  |TAMS 0x0000000080c00000, 0x0000000080b00000| Untracked 
|  12|0x0000000080c00000, 0x0000000080d00000, 0x0000000080d00000|100%| O|  |TAMS 0x0000000080d00000, 0x0000000080c00000| Untracked 
|  13|0x0000000080d00000, 0x0000000080e00000, 0x0000000080e00000|100%| O|  |TAMS 0x0000000080e00000, 0x0000000080d00000| Untracked 
|  14|0x0000000080e00000, 0x0000000080f00000, 0x0000000080f00000|100%| O|  |TAMS 0x0000000080f00000, 0x0000000080e00000| Untracked 
|  15|0x0000000080f00000, 0x0000000081000000, 0x0000000081000000|100%|HS|  |TAMS 0x0000000081000000, 0x0000000080f00000| Complete 
|  16|0x0000000081000000, 0x0000000081100000, 0x0000000081100000|100%|HS|  |TAMS 0x0000000081100000, 0x0000000081000000| Complete 
|  17|0x0000000081100000, 0x0000000081200000, 0x0000000081200000|100%| O|  |TAMS 0x0000000081200000, 0x0000000081100000| Untracked 
|  18|0x0000000081200000, 0x0000000081300000, 0x0000000081300000|100%| O|  |TAMS 0x0000000081300000, 0x0000000081200000| Untracked 
|  19|0x0000000081300000, 0x0000000081400000, 0x0000000081400000|100%| O|  |TAMS 0x0000000081400000, 0x0000000081300000| Untracked 
|  20|0x0000000081400000, 0x0000000081500000, 0x0000000081500000|100%|HS|  |TAMS 0x0000000081500000, 0x0000000081400000| Complete 
|  21|0x0000000081500000, 0x0000000081600000, 0x0000000081600000|100%|HS|  |TAMS 0x0000000081600000, 0x0000000081500000| Complete 
|  22|0x0000000081600000, 0x0000000081700000, 0x0000000081700000|100%|HS|  |TAMS 0x0000000081700000, 0x0000000081600000| Complete 
|  23|0x0000000081700000, 0x0000000081800000, 0x0000000081800000|100%|HC|  |TAMS 0x0000000081800000, 0x0000000081700000| Complete 
|  24|0x0000000081800000, 0x0000000081900000, 0x0000000081900000|100%|HC|  |TAMS 0x0000000081900000, 0x0000000081800000| Complete 
|  25|0x0000000081900000, 0x0000000081a00000, 0x0000000081a00000|100%| O|  |TAMS 0x0000000081a00000, 0x0000000081900000| Untracked 
|  26|0x0000000081a00000, 0x0000000081b00000, 0x0000000081b00000|100%| O|  |TAMS 0x0000000081b00000, 0x0000000081a00000| Untracked 
|  27|0x0000000081b00000, 0x0000000081c00000, 0x0000000081c00000|100%| O|  |TAMS 0x0000000081c00000, 0x0000000081b00000| Untracked 
|  28|0x0000000081c00000, 0x0000000081d00000, 0x0000000081d00000|100%| O|  |TAMS 0x0000000081d00000, 0x0000000081c00000| Untracked 
|  29|0x0000000081d00000, 0x0000000081e00000, 0x0000000081e00000|100%| O|  |TAMS 0x0000000081e00000, 0x0000000081d00000| Untracked 
|  30|0x0000000081e00000, 0x0000000081f00000, 0x0000000081f00000|100%| O|  |TAMS 0x0000000081f00000, 0x0000000081e00000| Untracked 
|  31|0x0000000081f00000, 0x0000000082000000, 0x0000000082000000|100%|HS|  |TAMS 0x0000000082000000, 0x0000000081f00000| Complete 
|  32|0x0000000082000000, 0x0000000082100000, 0x0000000082100000|100%|HC|  |TAMS 0x0000000082100000, 0x0000000082000000| Complete 
|  33|0x0000000082100000, 0x0000000082200000, 0x0000000082200000|100%| O|  |TAMS 0x0000000082200000, 0x0000000082100000| Untracked 
|  34|0x0000000082200000, 0x0000000082300000, 0x0000000082300000|100%| O|  |TAMS 0x0000000082300000, 0x0000000082200000| Untracked 
|  35|0x0000000082300000, 0x0000000082400000, 0x0000000082400000|100%| O|  |TAMS 0x0000000082400000, 0x0000000082300000| Untracked 
|  36|0x0000000082400000, 0x0000000082500000, 0x0000000082500000|100%| O|  |TAMS 0x0000000082500000, 0x0000000082400000| Untracked 
|  37|0x0000000082500000, 0x0000000082600000, 0x0000000082600000|100%| O|  |TAMS 0x0000000082600000, 0x0000000082500000| Untracked 
|  38|0x0000000082600000, 0x0000000082700000, 0x0000000082700000|100%| O|  |TAMS 0x0000000082700000, 0x0000000082600000| Untracked 
|  39|0x0000000082700000, 0x0000000082800000, 0x0000000082800000|100%| O|  |TAMS 0x0000000082800000, 0x0000000082700000| Untracked 
|  40|0x0000000082800000, 0x0000000082900000, 0x0000000082900000|100%| O|  |TAMS 0x0000000082900000, 0x0000000082800000| Untracked 
|  41|0x0000000082900000, 0x0000000082a00000, 0x0000000082a00000|100%| O|  |TAMS 0x0000000082a00000, 0x0000000082900000| Untracked 
|  42|0x0000000082a00000, 0x0000000082b00000, 0x0000000082b00000|100%| O|  |TAMS 0x0000000082b00000, 0x0000000082a00000| Untracked 
|  43|0x0000000082b00000, 0x0000000082c00000, 0x0000000082c00000|100%| O|  |TAMS 0x0000000082c00000, 0x0000000082b00000| Untracked 
|  44|0x0000000082c00000, 0x0000000082d00000, 0x0000000082d00000|100%| O|  |TAMS 0x0000000082d00000, 0x0000000082c00000| Untracked 
|  45|0x0000000082d00000, 0x0000000082e00000, 0x0000000082e00000|100%| O|  |TAMS 0x0000000082db8000, 0x0000000082d00000| Untracked 
|  46|0x0000000082e00000, 0x0000000082f00000, 0x0000000082f00000|100%| O|  |TAMS 0x0000000082e00000, 0x0000000082e00000| Untracked 
|  47|0x0000000082f00000, 0x0000000083000000, 0x0000000083000000|100%| O|  |TAMS 0x0000000082f00000, 0x0000000082f00000| Untracked 
|  48|0x0000000083000000, 0x0000000083100000, 0x0000000083100000|100%| O|  |TAMS 0x0000000083000000, 0x0000000083000000| Untracked 
|  49|0x0000000083100000, 0x0000000083200000, 0x0000000083200000|100%| O|  |TAMS 0x0000000083100000, 0x0000000083100000| Untracked 
|  50|0x0000000083200000, 0x0000000083300000, 0x0000000083300000|100%| O|  |TAMS 0x0000000083200000, 0x0000000083200000| Untracked 
|  51|0x0000000083300000, 0x0000000083400000, 0x0000000083400000|100%| O|  |TAMS 0x0000000083300000, 0x0000000083300000| Untracked 
|  52|0x0000000083400000, 0x0000000083500000, 0x0000000083500000|100%| O|  |TAMS 0x0000000083400000, 0x0000000083400000| Untracked 
|  53|0x0000000083500000, 0x0000000083600000, 0x0000000083600000|100%| O|  |TAMS 0x0000000083500000, 0x0000000083500000| Untracked 
|  54|0x0000000083600000, 0x0000000083700000, 0x0000000083700000|100%| O|  |TAMS 0x0000000083600000, 0x0000000083600000| Untracked 
|  55|0x0000000083700000, 0x0000000083800000, 0x0000000083800000|100%| O|  |TAMS 0x0000000083700000, 0x0000000083700000| Untracked 
|  56|0x0000000083800000, 0x0000000083900000, 0x0000000083900000|100%| O|  |TAMS 0x0000000083800000, 0x0000000083800000| Untracked 
|  57|0x0000000083900000, 0x0000000083a00000, 0x0000000083a00000|100%| O|  |TAMS 0x0000000083900000, 0x0000000083900000| Untracked 
|  58|0x0000000083a00000, 0x0000000083b00000, 0x0000000083b00000|100%| O|  |TAMS 0x0000000083a00000, 0x0000000083a00000| Untracked 
|  59|0x0000000083b00000, 0x0000000083c00000, 0x0000000083c00000|100%| O|  |TAMS 0x0000000083b00000, 0x0000000083b00000| Untracked 
|  60|0x0000000083c00000, 0x0000000083d00000, 0x0000000083d00000|100%| O|  |TAMS 0x0000000083c00000, 0x0000000083c00000| Untracked 
|  61|0x0000000083d00000, 0x0000000083e00000, 0x0000000083e00000|100%| O|  |TAMS 0x0000000083d00000, 0x0000000083d00000| Untracked 
|  62|0x0000000083e00000, 0x0000000083f00000, 0x0000000083f00000|100%| O|  |TAMS 0x0000000083e00000, 0x0000000083e00000| Untracked 
|  63|0x0000000083f00000, 0x0000000084000000, 0x0000000084000000|100%| O|  |TAMS 0x0000000083f00000, 0x0000000083f00000| Untracked 
|  64|0x0000000084000000, 0x0000000084100000, 0x0000000084100000|100%| O|  |TAMS 0x0000000084000000, 0x0000000084000000| Untracked 
|  65|0x0000000084100000, 0x0000000084200000, 0x0000000084200000|100%| O|  |TAMS 0x0000000084100000, 0x0000000084100000| Untracked 
|  66|0x0000000084200000, 0x0000000084300000, 0x0000000084300000|100%| O|  |TAMS 0x0000000084200000, 0x0000000084200000| Untracked 
|  67|0x0000000084300000, 0x0000000084400000, 0x0000000084400000|100%| O|  |TAMS 0x0000000084300000, 0x0000000084300000| Untracked 
|  68|0x0000000084400000, 0x0000000084500000, 0x0000000084500000|100%| O|  |TAMS 0x0000000084400000, 0x0000000084400000| Untracked 
|  69|0x0000000084500000, 0x0000000084600000, 0x0000000084600000|100%| O|  |TAMS 0x0000000084500000, 0x0000000084500000| Untracked 
|  70|0x0000000084600000, 0x0000000084700000, 0x0000000084700000|100%| O|  |TAMS 0x0000000084600000, 0x0000000084600000| Untracked 
|  71|0x0000000084700000, 0x0000000084800000, 0x0000000084800000|100%| O|  |TAMS 0x0000000084700000, 0x0000000084700000| Untracked 
|  72|0x0000000084800000, 0x0000000084900000, 0x0000000084900000|100%| O|  |TAMS 0x0000000084800000, 0x0000000084800000| Untracked 
|  73|0x0000000084900000, 0x0000000084a00000, 0x0000000084a00000|100%| O|  |TAMS 0x0000000084900000, 0x0000000084900000| Untracked 
|  74|0x0000000084a00000, 0x0000000084b00000, 0x0000000084b00000|100%| O|  |TAMS 0x0000000084a00000, 0x0000000084a00000| Untracked 
|  75|0x0000000084b00000, 0x0000000084c00000, 0x0000000084c00000|100%| O|  |TAMS 0x0000000084b00000, 0x0000000084b00000| Untracked 
|  76|0x0000000084c00000, 0x0000000084d00000, 0x0000000084d00000|100%| O|  |TAMS 0x0000000084c00000, 0x0000000084c00000| Untracked 
|  77|0x0000000084d00000, 0x0000000084e00000, 0x0000000084e00000|100%| O|  |TAMS 0x0000000084d00000, 0x0000000084d00000| Untracked 
|  78|0x0000000084e00000, 0x0000000084f00000, 0x0000000084f00000|100%| O|  |TAMS 0x0000000084e00000, 0x0000000084e00000| Untracked 
|  79|0x0000000084f00000, 0x0000000085000000, 0x0000000085000000|100%| O|  |TAMS 0x0000000084f00000, 0x0000000084f00000| Untracked 
|  80|0x0000000085000000, 0x0000000085100000, 0x0000000085100000|100%| O|  |TAMS 0x0000000085000000, 0x0000000085000000| Untracked 
|  81|0x0000000085100000, 0x0000000085200000, 0x0000000085200000|100%| O|  |TAMS 0x0000000085100000, 0x0000000085100000| Untracked 
|  82|0x0000000085200000, 0x0000000085300000, 0x0000000085300000|100%|HS|  |TAMS 0x0000000085200000, 0x0000000085200000| Complete 
|  83|0x0000000085300000, 0x0000000085400000, 0x0000000085400000|100%|HC|  |TAMS 0x0000000085300000, 0x0000000085300000| Complete 
|  84|0x0000000085400000, 0x0000000085400000, 0x0000000085500000|  0%| F|  |TAMS 0x0000000085400000, 0x0000000085400000| Untracked 
|  85|0x0000000085500000, 0x0000000085500000, 0x0000000085600000|  0%| F|  |TAMS 0x0000000085500000, 0x0000000085500000| Untracked 
|  86|0x0000000085600000, 0x0000000085600000, 0x0000000085700000|  0%| F|  |TAMS 0x0000000085600000, 0x0000000085600000| Untracked 
|  87|0x0000000085700000, 0x0000000085700000, 0x0000000085800000|  0%| F|  |TAMS 0x0000000085700000, 0x0000000085700000| Untracked 
|  88|0x0000000085800000, 0x0000000085800000, 0x0000000085900000|  0%| F|  |TAMS 0x0000000085800000, 0x0000000085800000| Untracked 
|  89|0x0000000085900000, 0x0000000085900000, 0x0000000085a00000|  0%| F|  |TAMS 0x0000000085900000, 0x0000000085900000| Untracked 
|  90|0x0000000085a00000, 0x0000000085a00000, 0x0000000085b00000|  0%| F|  |TAMS 0x0000000085a00000, 0x0000000085a00000| Untracked 
|  91|0x0000000085b00000, 0x0000000085b00000, 0x0000000085c00000|  0%| F|  |TAMS 0x0000000085b00000, 0x0000000085b00000| Untracked 
|  92|0x0000000085c00000, 0x0000000085c00000, 0x0000000085d00000|  0%| F|  |TAMS 0x0000000085c00000, 0x0000000085c00000| Untracked 
|  93|0x0000000085d00000, 0x0000000085d00000, 0x0000000085e00000|  0%| F|  |TAMS 0x0000000085d00000, 0x0000000085d00000| Untracked 
|  94|0x0000000085e00000, 0x0000000085e00000, 0x0000000085f00000|  0%| F|  |TAMS 0x0000000085e00000, 0x0000000085e00000| Untracked 
|  95|0x0000000085f00000, 0x0000000085f00000, 0x0000000086000000|  0%| F|  |TAMS 0x0000000085f00000, 0x0000000085f00000| Untracked 
|  96|0x0000000086000000, 0x0000000086000000, 0x0000000086100000|  0%| F|  |TAMS 0x0000000086000000, 0x0000000086000000| Untracked 
|  97|0x0000000086100000, 0x0000000086100000, 0x0000000086200000|  0%| F|  |TAMS 0x0000000086100000, 0x0000000086100000| Untracked 
|  98|0x0000000086200000, 0x0000000086200000, 0x0000000086300000|  0%| F|  |TAMS 0x0000000086200000, 0x0000000086200000| Untracked 
|  99|0x0000000086300000, 0x0000000086300000, 0x0000000086400000|  0%| F|  |TAMS 0x0000000086300000, 0x0000000086300000| Untracked 
| 100|0x0000000086400000, 0x0000000086400000, 0x0000000086500000|  0%| F|  |TAMS 0x0000000086400000, 0x0000000086400000| Untracked 
| 101|0x0000000086500000, 0x0000000086500000, 0x0000000086600000|  0%| F|  |TAMS 0x0000000086500000, 0x0000000086500000| Untracked 
| 102|0x0000000086600000, 0x0000000086600000, 0x0000000086700000|  0%| F|  |TAMS 0x0000000086600000, 0x0000000086600000| Untracked 
| 103|0x0000000086700000, 0x0000000086700000, 0x0000000086800000|  0%| F|  |TAMS 0x0000000086700000, 0x0000000086700000| Untracked 
| 104|0x0000000086800000, 0x0000000086800000, 0x0000000086900000|  0%| F|  |TAMS 0x0000000086800000, 0x0000000086800000| Untracked 
| 105|0x0000000086900000, 0x0000000086900000, 0x0000000086a00000|  0%| F|  |TAMS 0x0000000086900000, 0x0000000086900000| Untracked 
| 106|0x0000000086a00000, 0x0000000086a00000, 0x0000000086b00000|  0%| F|  |TAMS 0x0000000086a00000, 0x0000000086a00000| Untracked 
| 107|0x0000000086b00000, 0x0000000086b00000, 0x0000000086c00000|  0%| F|  |TAMS 0x0000000086b00000, 0x0000000086b00000| Untracked 
| 108|0x0000000086c00000, 0x0000000086c00000, 0x0000000086d00000|  0%| F|  |TAMS 0x0000000086c00000, 0x0000000086c00000| Untracked 
| 109|0x0000000086d00000, 0x0000000086d00000, 0x0000000086e00000|  0%| F|  |TAMS 0x0000000086d00000, 0x0000000086d00000| Untracked 
| 110|0x0000000086e00000, 0x0000000086e00000, 0x0000000086f00000|  0%| F|  |TAMS 0x0000000086e00000, 0x0000000086e00000| Untracked 
| 111|0x0000000086f00000, 0x0000000086f00000, 0x0000000087000000|  0%| F|  |TAMS 0x0000000086f00000, 0x0000000086f00000| Untracked 
| 112|0x0000000087000000, 0x0000000087000000, 0x0000000087100000|  0%| F|  |TAMS 0x0000000087000000, 0x0000000087000000| Untracked 
| 113|0x0000000087100000, 0x0000000087100000, 0x0000000087200000|  0%| F|  |TAMS 0x0000000087100000, 0x0000000087100000| Untracked 
| 114|0x0000000087200000, 0x0000000087200000, 0x0000000087300000|  0%| F|  |TAMS 0x0000000087200000, 0x0000000087200000| Untracked 
| 115|0x0000000087300000, 0x0000000087300000, 0x0000000087400000|  0%| F|  |TAMS 0x0000000087300000, 0x0000000087300000| Untracked 
| 116|0x0000000087400000, 0x0000000087400000, 0x0000000087500000|  0%| F|  |TAMS 0x0000000087400000, 0x0000000087400000| Untracked 
| 117|0x0000000087500000, 0x0000000087500000, 0x0000000087600000|  0%| F|  |TAMS 0x0000000087500000, 0x0000000087500000| Untracked 
| 118|0x0000000087600000, 0x0000000087600000, 0x0000000087700000|  0%| F|  |TAMS 0x0000000087600000, 0x0000000087600000| Untracked 
| 119|0x0000000087700000, 0x0000000087700000, 0x0000000087800000|  0%| F|  |TAMS 0x0000000087700000, 0x0000000087700000| Untracked 
| 120|0x0000000087800000, 0x0000000087800000, 0x0000000087900000|  0%| F|  |TAMS 0x0000000087800000, 0x0000000087800000| Untracked 
| 121|0x0000000087900000, 0x0000000087946380, 0x0000000087a00000| 27%| S|CS|TAMS 0x0000000087900000, 0x0000000087900000| Complete 
| 122|0x0000000087a00000, 0x0000000087b00000, 0x0000000087b00000|100%| S|CS|TAMS 0x0000000087a00000, 0x0000000087a00000| Complete 
| 123|0x0000000087b00000, 0x0000000087c00000, 0x0000000087c00000|100%| S|CS|TAMS 0x0000000087b00000, 0x0000000087b00000| Complete 
| 124|0x0000000087c00000, 0x0000000087d00000, 0x0000000087d00000|100%| S|CS|TAMS 0x0000000087c00000, 0x0000000087c00000| Complete 
| 125|0x0000000087d00000, 0x0000000087d00000, 0x0000000087e00000|  0%| F|  |TAMS 0x0000000087d00000, 0x0000000087d00000| Untracked 
| 126|0x0000000087e00000, 0x0000000087e00000, 0x0000000087f00000|  0%| F|  |TAMS 0x0000000087e00000, 0x0000000087e00000| Untracked 
| 127|0x0000000087f00000, 0x0000000087f00000, 0x0000000088000000|  0%| F|  |TAMS 0x0000000087f00000, 0x0000000087f00000| Untracked 
| 128|0x0000000088000000, 0x0000000088000000, 0x0000000088100000|  0%| F|  |TAMS 0x0000000088000000, 0x0000000088000000| Untracked 
| 129|0x0000000088100000, 0x0000000088200000, 0x0000000088200000|100%| S|CS|TAMS 0x0000000088100000, 0x0000000088100000| Complete 
| 130|0x0000000088200000, 0x0000000088300000, 0x0000000088300000|100%| S|CS|TAMS 0x0000000088200000, 0x0000000088200000| Complete 
| 131|0x0000000088300000, 0x0000000088400000, 0x0000000088400000|100%| S|CS|TAMS 0x0000000088300000, 0x0000000088300000| Complete 
| 132|0x0000000088400000, 0x0000000088400000, 0x0000000088500000|  0%| F|  |TAMS 0x0000000088400000, 0x0000000088400000| Untracked 
| 133|0x0000000088500000, 0x0000000088500000, 0x0000000088600000|  0%| F|  |TAMS 0x0000000088500000, 0x0000000088500000| Untracked 
| 134|0x0000000088600000, 0x0000000088600000, 0x0000000088700000|  0%| F|  |TAMS 0x0000000088600000, 0x0000000088600000| Untracked 
| 135|0x0000000088700000, 0x0000000088700000, 0x0000000088800000|  0%| F|  |TAMS 0x0000000088700000, 0x0000000088700000| Untracked 
| 136|0x0000000088800000, 0x0000000088800000, 0x0000000088900000|  0%| F|  |TAMS 0x0000000088800000, 0x0000000088800000| Untracked 
| 137|0x0000000088900000, 0x0000000088900000, 0x0000000088a00000|  0%| F|  |TAMS 0x0000000088900000, 0x0000000088900000| Untracked 
| 138|0x0000000088a00000, 0x0000000088a00000, 0x0000000088b00000|  0%| F|  |TAMS 0x0000000088a00000, 0x0000000088a00000| Untracked 
| 139|0x0000000088b00000, 0x0000000088b00000, 0x0000000088c00000|  0%| F|  |TAMS 0x0000000088b00000, 0x0000000088b00000| Untracked 
| 140|0x0000000088c00000, 0x0000000088c00000, 0x0000000088d00000|  0%| F|  |TAMS 0x0000000088c00000, 0x0000000088c00000| Untracked 
| 141|0x0000000088d00000, 0x0000000088d00000, 0x0000000088e00000|  0%| F|  |TAMS 0x0000000088d00000, 0x0000000088d00000| Untracked 
| 142|0x0000000088e00000, 0x0000000088e00000, 0x0000000088f00000|  0%| F|  |TAMS 0x0000000088e00000, 0x0000000088e00000| Untracked 
| 143|0x0000000088f00000, 0x0000000088f00000, 0x0000000089000000|  0%| F|  |TAMS 0x0000000088f00000, 0x0000000088f00000| Untracked 
| 144|0x0000000089000000, 0x0000000089000000, 0x0000000089100000|  0%| F|  |TAMS 0x0000000089000000, 0x0000000089000000| Untracked 
| 145|0x0000000089100000, 0x0000000089100000, 0x0000000089200000|  0%| F|  |TAMS 0x0000000089100000, 0x0000000089100000| Untracked 
| 146|0x0000000089200000, 0x0000000089200000, 0x0000000089300000|  0%| F|  |TAMS 0x0000000089200000, 0x0000000089200000| Untracked 
| 147|0x0000000089300000, 0x0000000089300000, 0x0000000089400000|  0%| F|  |TAMS 0x0000000089300000, 0x0000000089300000| Untracked 
| 148|0x0000000089400000, 0x0000000089400000, 0x0000000089500000|  0%| F|  |TAMS 0x0000000089400000, 0x0000000089400000| Untracked 
| 149|0x0000000089500000, 0x0000000089500000, 0x0000000089600000|  0%| F|  |TAMS 0x0000000089500000, 0x0000000089500000| Untracked 
| 150|0x0000000089600000, 0x0000000089600000, 0x0000000089700000|  0%| F|  |TAMS 0x0000000089600000, 0x0000000089600000| Untracked 
| 151|0x0000000089700000, 0x0000000089700000, 0x0000000089800000|  0%| F|  |TAMS 0x0000000089700000, 0x0000000089700000| Untracked 
| 152|0x0000000089800000, 0x0000000089800000, 0x0000000089900000|  0%| F|  |TAMS 0x0000000089800000, 0x0000000089800000| Untracked 
| 153|0x0000000089900000, 0x0000000089900000, 0x0000000089a00000|  0%| F|  |TAMS 0x0000000089900000, 0x0000000089900000| Untracked 
| 154|0x0000000089a00000, 0x0000000089a00000, 0x0000000089b00000|  0%| F|  |TAMS 0x0000000089a00000, 0x0000000089a00000| Untracked 
| 155|0x0000000089b00000, 0x0000000089b00000, 0x0000000089c00000|  0%| F|  |TAMS 0x0000000089b00000, 0x0000000089b00000| Untracked 
| 156|0x0000000089c00000, 0x0000000089c00000, 0x0000000089d00000|  0%| F|  |TAMS 0x0000000089c00000, 0x0000000089c00000| Untracked 
| 157|0x0000000089d00000, 0x0000000089d00000, 0x0000000089e00000|  0%| F|  |TAMS 0x0000000089d00000, 0x0000000089d00000| Untracked 
| 158|0x0000000089e00000, 0x0000000089e00000, 0x0000000089f00000|  0%| F|  |TAMS 0x0000000089e00000, 0x0000000089e00000| Untracked 
| 159|0x0000000089f00000, 0x0000000089f00000, 0x000000008a000000|  0%| F|  |TAMS 0x0000000089f00000, 0x0000000089f00000| Untracked 
| 160|0x000000008a000000, 0x000000008a000000, 0x000000008a100000|  0%| F|  |TAMS 0x000000008a000000, 0x000000008a000000| Untracked 
| 161|0x000000008a100000, 0x000000008a100000, 0x000000008a200000|  0%| F|  |TAMS 0x000000008a100000, 0x000000008a100000| Untracked 
| 162|0x000000008a200000, 0x000000008a200000, 0x000000008a300000|  0%| F|  |TAMS 0x000000008a200000, 0x000000008a200000| Untracked 
| 163|0x000000008a300000, 0x000000008a300000, 0x000000008a400000|  0%| F|  |TAMS 0x000000008a300000, 0x000000008a300000| Untracked 
| 164|0x000000008a400000, 0x000000008a400000, 0x000000008a500000|  0%| F|  |TAMS 0x000000008a400000, 0x000000008a400000| Untracked 
| 165|0x000000008a500000, 0x000000008a500000, 0x000000008a600000|  0%| F|  |TAMS 0x000000008a500000, 0x000000008a500000| Untracked 
| 166|0x000000008a600000, 0x000000008a600000, 0x000000008a700000|  0%| F|  |TAMS 0x000000008a600000, 0x000000008a600000| Untracked 
| 167|0x000000008a700000, 0x000000008a700000, 0x000000008a800000|  0%| F|  |TAMS 0x000000008a700000, 0x000000008a700000| Untracked 
| 168|0x000000008a800000, 0x000000008a800000, 0x000000008a900000|  0%| F|  |TAMS 0x000000008a800000, 0x000000008a800000| Untracked 
| 169|0x000000008a900000, 0x000000008a900000, 0x000000008aa00000|  0%| F|  |TAMS 0x000000008a900000, 0x000000008a900000| Untracked 
| 170|0x000000008aa00000, 0x000000008aa00000, 0x000000008ab00000|  0%| F|  |TAMS 0x000000008aa00000, 0x000000008aa00000| Untracked 
| 171|0x000000008ab00000, 0x000000008ab00000, 0x000000008ac00000|  0%| F|  |TAMS 0x000000008ab00000, 0x000000008ab00000| Untracked 
| 172|0x000000008ac00000, 0x000000008ac00000, 0x000000008ad00000|  0%| F|  |TAMS 0x000000008ac00000, 0x000000008ac00000| Untracked 
| 173|0x000000008ad00000, 0x000000008ad00000, 0x000000008ae00000|  0%| F|  |TAMS 0x000000008ad00000, 0x000000008ad00000| Untracked 
| 174|0x000000008ae00000, 0x000000008ae00000, 0x000000008af00000|  0%| F|  |TAMS 0x000000008ae00000, 0x000000008ae00000| Untracked 
| 175|0x000000008af00000, 0x000000008af00000, 0x000000008b000000|  0%| F|  |TAMS 0x000000008af00000, 0x000000008af00000| Untracked 
| 176|0x000000008b000000, 0x000000008b000000, 0x000000008b100000|  0%| F|  |TAMS 0x000000008b000000, 0x000000008b000000| Untracked 
| 177|0x000000008b100000, 0x000000008b100000, 0x000000008b200000|  0%| F|  |TAMS 0x000000008b100000, 0x000000008b100000| Untracked 
| 178|0x000000008b200000, 0x000000008b200000, 0x000000008b300000|  0%| F|  |TAMS 0x000000008b200000, 0x000000008b200000| Untracked 
| 179|0x000000008b300000, 0x000000008b300000, 0x000000008b400000|  0%| F|  |TAMS 0x000000008b300000, 0x000000008b300000| Untracked 
| 180|0x000000008b400000, 0x000000008b400000, 0x000000008b500000|  0%| F|  |TAMS 0x000000008b400000, 0x000000008b400000| Untracked 
| 181|0x000000008b500000, 0x000000008b500000, 0x000000008b600000|  0%| F|  |TAMS 0x000000008b500000, 0x000000008b500000| Untracked 
| 182|0x000000008b600000, 0x000000008b600000, 0x000000008b700000|  0%| F|  |TAMS 0x000000008b600000, 0x000000008b600000| Untracked 
| 183|0x000000008b700000, 0x000000008b700000, 0x000000008b800000|  0%| F|  |TAMS 0x000000008b700000, 0x000000008b700000| Untracked 
| 184|0x000000008b800000, 0x000000008b800000, 0x000000008b900000|  0%| F|  |TAMS 0x000000008b800000, 0x000000008b800000| Untracked 
| 185|0x000000008b900000, 0x000000008b900000, 0x000000008ba00000|  0%| F|  |TAMS 0x000000008b900000, 0x000000008b900000| Untracked 
| 186|0x000000008ba00000, 0x000000008ba00000, 0x000000008bb00000|  0%| F|  |TAMS 0x000000008ba00000, 0x000000008ba00000| Untracked 
| 187|0x000000008bb00000, 0x000000008bb00000, 0x000000008bc00000|  0%| F|  |TAMS 0x000000008bb00000, 0x000000008bb00000| Untracked 
| 188|0x000000008bc00000, 0x000000008bc00000, 0x000000008bd00000|  0%| F|  |TAMS 0x000000008bc00000, 0x000000008bc00000| Untracked 
| 189|0x000000008bd00000, 0x000000008bd00000, 0x000000008be00000|  0%| F|  |TAMS 0x000000008bd00000, 0x000000008bd00000| Untracked 
| 190|0x000000008be00000, 0x000000008be00000, 0x000000008bf00000|  0%| F|  |TAMS 0x000000008be00000, 0x000000008be00000| Untracked 
| 191|0x000000008bf00000, 0x000000008bf00000, 0x000000008c000000|  0%| F|  |TAMS 0x000000008bf00000, 0x000000008bf00000| Untracked 
| 192|0x000000008c000000, 0x000000008c000000, 0x000000008c100000|  0%| F|  |TAMS 0x000000008c000000, 0x000000008c000000| Untracked 
| 193|0x000000008c100000, 0x000000008c100000, 0x000000008c200000|  0%| F|  |TAMS 0x000000008c100000, 0x000000008c100000| Untracked 
| 194|0x000000008c200000, 0x000000008c200000, 0x000000008c300000|  0%| F|  |TAMS 0x000000008c200000, 0x000000008c200000| Untracked 
| 195|0x000000008c300000, 0x000000008c300000, 0x000000008c400000|  0%| F|  |TAMS 0x000000008c300000, 0x000000008c300000| Untracked 
| 196|0x000000008c400000, 0x000000008c400000, 0x000000008c500000|  0%| F|  |TAMS 0x000000008c400000, 0x000000008c400000| Untracked 
| 197|0x000000008c500000, 0x000000008c500000, 0x000000008c600000|  0%| F|  |TAMS 0x000000008c500000, 0x000000008c500000| Untracked 
| 198|0x000000008c600000, 0x000000008c600000, 0x000000008c700000|  0%| F|  |TAMS 0x000000008c600000, 0x000000008c600000| Untracked 
| 199|0x000000008c700000, 0x000000008c700000, 0x000000008c800000|  0%| F|  |TAMS 0x000000008c700000, 0x000000008c700000| Untracked 
| 200|0x000000008c800000, 0x000000008c800000, 0x000000008c900000|  0%| F|  |TAMS 0x000000008c800000, 0x000000008c800000| Untracked 
| 201|0x000000008c900000, 0x000000008c900000, 0x000000008ca00000|  0%| F|  |TAMS 0x000000008c900000, 0x000000008c900000| Untracked 
| 202|0x000000008ca00000, 0x000000008ca00000, 0x000000008cb00000|  0%| F|  |TAMS 0x000000008ca00000, 0x000000008ca00000| Untracked 
| 203|0x000000008cb00000, 0x000000008cb00000, 0x000000008cc00000|  0%| F|  |TAMS 0x000000008cb00000, 0x000000008cb00000| Untracked 
| 204|0x000000008cc00000, 0x000000008cc00000, 0x000000008cd00000|  0%| F|  |TAMS 0x000000008cc00000, 0x000000008cc00000| Untracked 
| 205|0x000000008cd00000, 0x000000008cd00000, 0x000000008ce00000|  0%| F|  |TAMS 0x000000008cd00000, 0x000000008cd00000| Untracked 
| 206|0x000000008ce00000, 0x000000008ce00000, 0x000000008cf00000|  0%| F|  |TAMS 0x000000008ce00000, 0x000000008ce00000| Untracked 
| 207|0x000000008cf00000, 0x000000008cf00000, 0x000000008d000000|  0%| F|  |TAMS 0x000000008cf00000, 0x000000008cf00000| Untracked 
| 208|0x000000008d000000, 0x000000008d000000, 0x000000008d100000|  0%| F|  |TAMS 0x000000008d000000, 0x000000008d000000| Untracked 
| 209|0x000000008d100000, 0x000000008d100000, 0x000000008d200000|  0%| F|  |TAMS 0x000000008d100000, 0x000000008d100000| Untracked 
| 210|0x000000008d200000, 0x000000008d200000, 0x000000008d300000|  0%| F|  |TAMS 0x000000008d200000, 0x000000008d200000| Untracked 
| 211|0x000000008d300000, 0x000000008d300000, 0x000000008d400000|  0%| F|  |TAMS 0x000000008d300000, 0x000000008d300000| Untracked 
| 212|0x000000008d400000, 0x000000008d400000, 0x000000008d500000|  0%| F|  |TAMS 0x000000008d400000, 0x000000008d400000| Untracked 
| 213|0x000000008d500000, 0x000000008d500000, 0x000000008d600000|  0%| F|  |TAMS 0x000000008d500000, 0x000000008d500000| Untracked 
| 214|0x000000008d600000, 0x000000008d600000, 0x000000008d700000|  0%| F|  |TAMS 0x000000008d600000, 0x000000008d600000| Untracked 
| 215|0x000000008d700000, 0x000000008d700000, 0x000000008d800000|  0%| F|  |TAMS 0x000000008d700000, 0x000000008d700000| Untracked 
| 216|0x000000008d800000, 0x000000008d800000, 0x000000008d900000|  0%| F|  |TAMS 0x000000008d800000, 0x000000008d800000| Untracked 
| 217|0x000000008d900000, 0x000000008d900000, 0x000000008da00000|  0%| F|  |TAMS 0x000000008d900000, 0x000000008d900000| Untracked 
| 218|0x000000008da00000, 0x000000008da00000, 0x000000008db00000|  0%| F|  |TAMS 0x000000008da00000, 0x000000008da00000| Untracked 
| 219|0x000000008db00000, 0x000000008db00000, 0x000000008dc00000|  0%| F|  |TAMS 0x000000008db00000, 0x000000008db00000| Untracked 
| 220|0x000000008dc00000, 0x000000008dc00000, 0x000000008dd00000|  0%| F|  |TAMS 0x000000008dc00000, 0x000000008dc00000| Untracked 
| 221|0x000000008dd00000, 0x000000008dd00000, 0x000000008de00000|  0%| F|  |TAMS 0x000000008dd00000, 0x000000008dd00000| Untracked 
| 222|0x000000008de00000, 0x000000008de00000, 0x000000008df00000|  0%| F|  |TAMS 0x000000008de00000, 0x000000008de00000| Untracked 
| 223|0x000000008df00000, 0x000000008df0b470, 0x000000008e000000|  4%| E|  |TAMS 0x000000008df00000, 0x000000008df00000| Complete 
| 224|0x000000008e000000, 0x000000008e100000, 0x000000008e100000|100%| E|CS|TAMS 0x000000008e000000, 0x000000008e000000| Complete 
| 225|0x000000008e100000, 0x000000008e200000, 0x000000008e200000|100%| E|CS|TAMS 0x000000008e100000, 0x000000008e100000| Complete 
| 226|0x000000008e200000, 0x000000008e300000, 0x000000008e300000|100%| E|CS|TAMS 0x000000008e200000, 0x000000008e200000| Complete 
| 227|0x000000008e300000, 0x000000008e400000, 0x000000008e400000|100%| E|CS|TAMS 0x000000008e300000, 0x000000008e300000| Complete 
| 228|0x000000008e400000, 0x000000008e500000, 0x000000008e500000|100%| E|CS|TAMS 0x000000008e400000, 0x000000008e400000| Complete 
| 229|0x000000008e500000, 0x000000008e600000, 0x000000008e600000|100%| E|CS|TAMS 0x000000008e500000, 0x000000008e500000| Complete 
| 230|0x000000008e600000, 0x000000008e700000, 0x000000008e700000|100%| E|CS|TAMS 0x000000008e600000, 0x000000008e600000| Complete 

Card table byte_map: [0x00000233231e0000,0x00000233235e0000] _byte_map_base: 0x0000023322de0000

Marking Bits (Prev, Next): (CMBitMap*) 0x000002331031eea8, (CMBitMap*) 0x000002331031eee0
 Prev Bits: [0x00000233239e0000, 0x00000233259e0000)
 Next Bits: [0x00000233259e0000, 0x00000233279e0000)

Polling page: 0x000002330e270000

Metaspace:

Usage:
  Non-class:     84.34 MB capacity,    82.96 MB ( 98%) used,     1.11 MB (  1%) free+waste,   277.75 KB ( <1%) overhead. 
      Class:     13.10 MB capacity,    12.22 MB ( 93%) used,   771.15 KB (  6%) free+waste,   125.25 KB ( <1%) overhead. 
       Both:     97.44 MB capacity,    95.18 MB ( 98%) used,     1.87 MB (  2%) free+waste,   403.00 KB ( <1%) overhead. 

Virtual space:
  Non-class space:       86.00 MB reserved,      84.41 MB ( 98%) committed 
      Class space:        1.00 GB reserved,      13.13 MB (  1%) committed 
             Both:        1.08 GB reserved,      97.53 MB (  9%) committed 

Chunk freelists:
   Non-Class:  0 bytes
       Class:  0 bytes
        Both:  0 bytes

MaxMetaspaceSize: 17179869184.00 GB
CompressedClassSpaceSize: 1.00 GB

CodeHeap 'non-profiled nmethods': size=120064Kb used=7091Kb max_used=7091Kb free=112972Kb
 bounds [0x000002331b8a0000, 0x000002331bf90000, 0x0000023322de0000]
CodeHeap 'profiled nmethods': size=120000Kb used=25837Kb max_used=25837Kb free=94162Kb
 bounds [0x0000023314370000, 0x0000023315cb0000, 0x000002331b8a0000]
CodeHeap 'non-nmethods': size=5696Kb used=2322Kb max_used=2366Kb free=3373Kb
 bounds [0x0000023313de0000, 0x0000023314050000, 0x0000023314370000]
 total_blobs=12539 nmethods=11599 adapters=851
 compilation: enabled
              stopped_count=0, restarted_count=0
 full_count=0

Compilation events (20 events):
Event: 40.900 Thread 0x0000023329eff000 nmethod 11605% 0x000002331bf81810 code [0x000002331bf819c0, 0x000002331bf81fa8]
Event: 40.900 Thread 0x0000023329eff000 11592 %     4       java.util.regex.Pattern$CharPropertyGreedy::match @ 9 (122 bytes)
Event: 40.913 Thread 0x0000023329f04000 11624 %     3       org.objectweb.asm.ClassReader::readParameterAnnotations @ 36 (106 bytes)
Event: 40.914 Thread 0x0000023329f04000 nmethod 11624% 0x0000023315c9d790 code [0x0000023315c9d9c0, 0x0000023315c9e2d8]
Event: 40.914 Thread 0x0000023329f04000 11625       3       org.objectweb.asm.ClassReader::readParameterAnnotations (106 bytes)
Event: 40.914 Thread 0x0000023329f04000 nmethod 11625 0x0000023315c9e790 code [0x0000023315c9e9c0, 0x0000023315c9f1b8]
Event: 40.917 Thread 0x0000023329f04000 11626       2       org.objectweb.asm.ByteVector::putLong (145 bytes)
Event: 40.918 Thread 0x0000023329f04000 nmethod 11626 0x0000023315c9f610 code [0x0000023315c9f7e0, 0x0000023315c9fa88]
Event: 40.923 Thread 0x0000023329f04000 11627       2       com.google.common.collect.RegularImmutableSortedSet::internalArrayStart (8 bytes)
Event: 40.923 Thread 0x0000023329f04000 nmethod 11627 0x0000023315c9fc90 code [0x0000023315c9fe40, 0x0000023315c9ff68]
Event: 40.923 Thread 0x0000023329f04000 11628       2       com.google.common.collect.RegularImmutableSortedSet::internalArrayEnd (8 bytes)
Event: 40.923 Thread 0x0000023329f04000 nmethod 11628 0x0000023315ca0010 code [0x0000023315ca01c0, 0x0000023315ca02e8]
Event: 40.925 Thread 0x0000023329eff000 nmethod 11592% 0x000002331bf82290 code [0x000002331bf82480, 0x000002331bf835d8]
Event: 40.925 Thread 0x0000023329eff000 11604       4       org.objectweb.asm.ClassReader::readMethod (1061 bytes)
Event: 40.933 Thread 0x000002332c9b6800 nmethod 11621 0x000002331bf83e10 code [0x000002331bf841a0, 0x000002331bf86378]
Event: 40.933 Thread 0x000002332c9b6800 11630 %     4       java.util.regex.Pattern$CharPropertyGreedy::match @ 64 (122 bytes)
Event: 40.940 Thread 0x000002332c9b6800 nmethod 11630% 0x000002331bf87790 code [0x000002331bf87960, 0x000002331bf87fb8]
Event: 40.940 Thread 0x000002332c9b6800 11631       4       org.objectweb.asm.SymbolTable::addConstant (330 bytes)
Event: 40.986 Thread 0x000002332c9b6800 nmethod 11631 0x000002331bf88610 code [0x000002331bf88920, 0x000002331bf8a8f8]
Event: 40.986 Thread 0x000002332c9b6800 11632       4       java.util.regex.Pattern$CharPropertyGreedy::match (122 bytes)

GC Heap History (20 events):
Event: 5.494 GC heap before
{Heap before GC invocations=9 (full 0):
 garbage-first heap   total 196608K, used 108048K [0x0000000080000000, 0x0000000100000000)
  region size 1024K, 91 young (93184K), 10 survivors (10240K)
 Metaspace       used 41609K, capacity 42543K, committed 42832K, reserved 1087488K
  class space    used 5362K, capacity 5714K, committed 5760K, reserved 1048576K
}
Event: 5.510 GC heap after
{Heap after GC invocations=10 (full 0):
 garbage-first heap   total 196608K, used 28592K [0x0000000080000000, 0x0000000100000000)
  region size 1024K, 12 young (12288K), 12 survivors (12288K)
 Metaspace       used 41609K, capacity 42543K, committed 42832K, reserved 1087488K
  class space    used 5362K, capacity 5714K, committed 5760K, reserved 1048576K
}
Event: 7.114 GC heap before
{Heap before GC invocations=10 (full 0):
 garbage-first heap   total 196608K, used 141232K [0x0000000080000000, 0x0000000100000000)
  region size 1024K, 115 young (117760K), 12 survivors (12288K)
 Metaspace       used 48020K, capacity 49186K, committed 49360K, reserved 1091584K
  class space    used 6110K, capacity 6575K, committed 6656K, reserved 1048576K
}
Event: 7.129 GC heap after
{Heap after GC invocations=11 (full 0):
 garbage-first heap   total 196608K, used 45146K [0x0000000080000000, 0x0000000100000000)
  region size 1024K, 15 young (15360K), 15 survivors (15360K)
 Metaspace       used 48020K, capacity 49186K, committed 49360K, reserved 1091584K
  class space    used 6110K, capacity 6575K, committed 6656K, reserved 1048576K
}
Event: 8.377 GC heap before
{Heap before GC invocations=11 (full 0):
 garbage-first heap   total 196608K, used 133210K [0x0000000080000000, 0x0000000100000000)
  region size 1024K, 100 young (102400K), 15 survivors (15360K)
 Metaspace       used 58806K, capacity 60118K, committed 60296K, reserved 1101824K
  class space    used 7412K, capacity 7940K, committed 8064K, reserved 1048576K
}
Event: 8.395 GC heap after
{Heap after GC invocations=12 (full 0):
 garbage-first heap   total 196608K, used 53472K [0x0000000080000000, 0x0000000100000000)
  region size 1024K, 7 young (7168K), 7 survivors (7168K)
 Metaspace       used 58806K, capacity 60118K, committed 60296K, reserved 1101824K
  class space    used 7412K, capacity 7940K, committed 8064K, reserved 1048576K
}
Event: 9.568 GC heap before
{Heap before GC invocations=13 (full 0):
 garbage-first heap   total 196608K, used 143584K [0x0000000080000000, 0x0000000100000000)
  region size 1024K, 95 young (97280K), 7 survivors (7168K)
 Metaspace       used 67688K, capacity 69100K, committed 69152K, reserved 1110016K
  class space    used 8518K, capacity 9063K, committed 9088K, reserved 1048576K
}
Event: 9.581 GC heap after
{Heap after GC invocations=14 (full 0):
 garbage-first heap   total 236544K, used 58786K [0x0000000080000000, 0x0000000100000000)
  region size 1024K, 12 young (12288K), 12 survivors (12288K)
 Metaspace       used 67688K, capacity 69100K, committed 69152K, reserved 1110016K
  class space    used 8518K, capacity 9063K, committed 9088K, reserved 1048576K
}
Event: 11.125 GC heap before
{Heap before GC invocations=15 (full 0):
 garbage-first heap   total 236544K, used 167330K [0x0000000080000000, 0x0000000100000000)
  region size 1024K, 118 young (120832K), 12 survivors (12288K)
 Metaspace       used 76715K, capacity 78287K, committed 78496K, reserved 1118208K
  class space    used 9817K, capacity 10454K, committed 10496K, reserved 1048576K
}
Event: 11.141 GC heap after
{Heap after GC invocations=16 (full 0):
 garbage-first heap   total 236544K, used 66965K [0x0000000080000000, 0x0000000100000000)
  region size 1024K, 15 young (15360K), 15 survivors (15360K)
 Metaspace       used 76715K, capacity 78287K, committed 78496K, reserved 1118208K
  class space    used 9817K, capacity 10454K, committed 10496K, reserved 1048576K
}
Event: 12.710 GC heap before
{Heap before GC invocations=16 (full 0):
 garbage-first heap   total 236544K, used 174485K [0x0000000080000000, 0x0000000100000000)
  region size 1024K, 121 young (123904K), 15 survivors (15360K)
 Metaspace       used 86761K, capacity 88757K, committed 88992K, reserved 1126400K
  class space    used 11161K, capacity 11905K, committed 12032K, reserved 1048576K
}
Event: 12.727 GC heap after
{Heap after GC invocations=17 (full 0):
 garbage-first heap   total 236544K, used 74752K [0x0000000080000000, 0x0000000100000000)
  region size 1024K, 16 young (16384K), 16 survivors (16384K)
 Metaspace       used 86761K, capacity 88757K, committed 88992K, reserved 1126400K
  class space    used 11161K, capacity 11905K, committed 12032K, reserved 1048576K
}
Event: 14.135 GC heap before
{Heap before GC invocations=17 (full 0):
 garbage-first heap   total 236544K, used 178176K [0x0000000080000000, 0x0000000100000000)
  region size 1024K, 118 young (120832K), 16 survivors (16384K)
 Metaspace       used 88714K, capacity 90758K, committed 90912K, reserved 1128448K
  class space    used 11353K, capacity 12130K, committed 12160K, reserved 1048576K
}
Event: 14.156 GC heap after
{Heap after GC invocations=18 (full 0):
 garbage-first heap   total 236544K, used 83763K [0x0000000080000000, 0x0000000100000000)
  region size 1024K, 9 young (9216K), 9 survivors (9216K)
 Metaspace       used 88714K, capacity 90758K, committed 90912K, reserved 1128448K
  class space    used 11353K, capacity 12130K, committed 12160K, reserved 1048576K
}
Event: 15.131 GC heap before
{Heap before GC invocations=18 (full 0):
 garbage-first heap   total 236544K, used 184115K [0x0000000080000000, 0x0000000100000000)
  region size 1024K, 107 young (109568K), 9 survivors (9216K)
 Metaspace       used 95153K, capacity 97254K, committed 97440K, reserved 1134592K
  class space    used 12161K, capacity 12940K, committed 13056K, reserved 1048576K
}
Event: 15.143 GC heap after
{Heap after GC invocations=19 (full 0):
 garbage-first heap   total 236544K, used 89088K [0x0000000080000000, 0x0000000100000000)
  region size 1024K, 5 young (5120K), 5 survivors (5120K)
 Metaspace       used 95153K, capacity 97254K, committed 97440K, reserved 1134592K
  class space    used 12161K, capacity 12940K, committed 13056K, reserved 1048576K
}
Event: 40.653 GC heap before
{Heap before GC invocations=19 (full 0):
 garbage-first heap   total 236544K, used 189440K [0x0000000080000000, 0x0000000100000000)
  region size 1024K, 101 young (103424K), 5 survivors (5120K)
 Metaspace       used 97424K, capacity 99766K, committed 99872K, reserved 1136640K
  class space    used 12509K, capacity 13406K, committed 13440K, reserved 1048576K
}
Event: 40.659 GC heap after
{Heap after GC invocations=20 (full 0):
 garbage-first heap   total 236544K, used 92160K [0x0000000080000000, 0x0000000100000000)
  region size 1024K, 6 young (6144K), 6 survivors (6144K)
 Metaspace       used 97424K, capacity 99766K, committed 99872K, reserved 1136640K
  class space    used 12509K, capacity 13406K, committed 13440K, reserved 1048576K
}
Event: 41.001 GC heap before
{Heap before GC invocations=20 (full 0):
 garbage-first heap   total 236544K, used 191488K [0x0000000080000000, 0x0000000100000000)
  region size 1024K, 103 young (105472K), 6 survivors (6144K)
 Metaspace       used 97431K, capacity 99768K, committed 99872K, reserved 1136640K
  class space    used 12511K, capacity 13407K, committed 13440K, reserved 1048576K
}
Event: 41.007 GC heap after
{Heap after GC invocations=21 (full 0):
 garbage-first heap   total 236544K, used 92440K [0x0000000080000000, 0x0000000100000000)
  region size 1024K, 7 young (7168K), 7 survivors (7168K)
 Metaspace       used 97431K, capacity 99768K, committed 99872K, reserved 1136640K
  class space    used 12511K, capacity 13407K, committed 13440K, reserved 1048576K
}

Deoptimization events (20 events):
Event: 40.939 Thread 0x000002332cf78800 DEOPT PACKING pc=0x0000023315c0e82e sp=0x000000c7545f8410
Event: 40.939 Thread 0x000002332cf78800 DEOPT UNPACKING pc=0x0000023313e06dde sp=0x000000c7545f7930 mode 0
Event: 40.951 Thread 0x000002332cf78800 DEOPT PACKING pc=0x0000023315416ce0 sp=0x000000c7545f8230
Event: 40.951 Thread 0x000002332cf78800 DEOPT UNPACKING pc=0x0000023313e06dde sp=0x000000c7545f76f0 mode 0
Event: 40.953 Thread 0x000002332cf78800 DEOPT PACKING pc=0x0000023315c0e82e sp=0x000000c7545f8410
Event: 40.953 Thread 0x000002332cf78800 DEOPT UNPACKING pc=0x0000023313e06dde sp=0x000000c7545f7930 mode 0
Event: 40.963 Thread 0x000002332cf78800 DEOPT PACKING pc=0x0000023315c0e82e sp=0x000000c7545f8410
Event: 40.963 Thread 0x000002332cf78800 DEOPT UNPACKING pc=0x0000023313e06dde sp=0x000000c7545f7930 mode 0
Event: 40.965 Thread 0x000002332cf78800 DEOPT PACKING pc=0x0000023315416ce0 sp=0x000000c7545f8230
Event: 40.965 Thread 0x000002332cf78800 DEOPT UNPACKING pc=0x0000023313e06dde sp=0x000000c7545f76f0 mode 0
Event: 40.974 Thread 0x000002332cf78800 DEOPT PACKING pc=0x0000023315416d27 sp=0x000000c7545f8230
Event: 40.974 Thread 0x000002332cf78800 DEOPT UNPACKING pc=0x0000023313e06dde sp=0x000000c7545f76f0 mode 0
Event: 40.975 Thread 0x000002332cf78800 DEOPT PACKING pc=0x0000023315c0e82e sp=0x000000c7545f8410
Event: 40.975 Thread 0x000002332cf78800 DEOPT UNPACKING pc=0x0000023313e06dde sp=0x000000c7545f7930 mode 0
Event: 40.986 Thread 0x000002332cf78800 DEOPT PACKING pc=0x0000023315416ce0 sp=0x000000c7545f8230
Event: 40.986 Thread 0x000002332cf78800 DEOPT UNPACKING pc=0x0000023313e06dde sp=0x000000c7545f76f0 mode 0
Event: 40.991 Thread 0x000002332cf78800 DEOPT PACKING pc=0x0000023315c0e82e sp=0x000000c7545f8410
Event: 40.991 Thread 0x000002332cf78800 DEOPT UNPACKING pc=0x0000023313e06dde sp=0x000000c7545f7930 mode 0
Event: 41.008 Thread 0x000002332cf78800 DEOPT PACKING pc=0x0000023315416ce0 sp=0x000000c7545f8230
Event: 41.008 Thread 0x000002332cf78800 DEOPT UNPACKING pc=0x0000023313e06dde sp=0x000000c7545f76f0 mode 0

Classes redefined (0 events):
No events

Internal exceptions (20 events):
Event: 28.661 Thread 0x000002332cf78800 Exception <a 'java/lang/NoSuchMethodError'{0x000000008e1e7338}: 'java.lang.Object java.lang.invoke.DirectMethodHandle$Holder.invokeStatic(java.lang.Object, java.lang.Object, java.lang.Object, java.lang.Object, java.lang.Object, java.lang.Object, java.lang.Object, java.lang.Object, int)'> (0x000000008e1e7338) thrown at [./src/hotspot/share/interpreter/linkResolver.cpp, line 773]
Event: 28.662 Thread 0x000002332cf78800 Exception <a 'java/lang/NoSuchMethodError'{0x000000008e003318}: 'java.lang.Object java.lang.invoke.DirectMethodHandle$Holder.invokeStatic(java.lang.Object, java.lang.Object, java.lang.Object, java.lang.Object, java.lang.Object, java.lang.Object, java.lang.Object, java.lang.Object, int, int)'> (0x000000008e003318) thrown at [./src/hotspot/share/interpreter/linkResolver.cpp, line 773]
Event: 28.663 Thread 0x000002332cf78800 Exception <a 'java/lang/NoSuchMethodError'{0x000000008e01fcb0}: 'java.lang.Object java.lang.invoke.DirectMethodHandle$Holder.invokeStatic(java.lang.Object, java.lang.Object, java.lang.Object, java.lang.Object, java.lang.Object, java.lang.Object, java.lang.Object, java.lang.Object, int, int, java.lang.Object)'> (0x000000008e01fcb0) thrown at [./src/hotspot/share/interpreter/linkResolver.cpp, line 773]
Event: 28.664 Thread 0x000002332cf78800 Exception <a 'java/lang/NoSuchMethodError'{0x000000008e03da20}: 'java.lang.Object java.lang.invoke.DirectMethodHandle$Holder.invokeStatic(java.lang.Object, java.lang.Object, java.lang.Object, java.lang.Object, java.lang.Object, java.lang.Object, java.lang.Object, java.lang.Object, int, int, java.lang.Object, java.lang.Object)'> (0x000000008e03da20) thrown at [./src/hotspot/share/interpreter/linkResolver.cpp, line 773]
Event: 28.671 Thread 0x000002332cf78800 Exception <a 'java/lang/NoSuchMethodError'{0x000000008e070dd0}: <clinit>> (0x000000008e070dd0) thrown at [./src/hotspot/share/prims/jni.cpp, line 1362]
Event: 28.674 Thread 0x000002332cf78800 Exception <a 'java/lang/NoSuchMethodError'{0x000000008e0c20d0}: <clinit>> (0x000000008e0c20d0) thrown at [./src/hotspot/share/prims/jni.cpp, line 1362]
Event: 28.683 Thread 0x000002332d004000 Exception <a 'java/lang/InterruptedException'{0x000000008df00000}> (0x000000008df00000) thrown at [./src/hotspot/share/runtime/objectMonitor.cpp, line 1635]
Event: 28.683 Thread 0x000002332d004000 Exception <a 'java/lang/NoSuchMethodError'{0x000000008df08060}: 'java.lang.Object java.lang.invoke.DirectMethodHandle$Holder.invokeStatic(java.lang.Object, java.lang.Object, int, java.lang.Object, long)'> (0x000000008df08060) thrown at [./src/hotspot/share/interpreter/linkResolver.cpp, line 773]
Event: 28.697 Thread 0x000002332cf78800 Exception <a 'java/lang/NoSuchMethodError'{0x000000008df22020}: <clinit>> (0x000000008df22020) thrown at [./src/hotspot/share/prims/jni.cpp, line 1362]
Event: 28.697 Thread 0x000002332cf78800 Exception <a 'java/lang/NoSuchMethodError'{0x000000008df39db8}: <clinit>> (0x000000008df39db8) thrown at [./src/hotspot/share/prims/jni.cpp, line 1362]
Event: 28.698 Thread 0x000002332cf78800 Exception <a 'java/lang/NoSuchMethodError'{0x000000008df52320}: <clinit>> (0x000000008df52320) thrown at [./src/hotspot/share/prims/jni.cpp, line 1362]
Event: 28.703 Thread 0x000002332cf78800 Exception <a 'java/lang/NoSuchMethodError'{0x000000008df79898}: <clinit>> (0x000000008df79898) thrown at [./src/hotspot/share/prims/jni.cpp, line 1362]
Event: 28.727 Thread 0x000002332cf78800 Exception <a 'java/lang/NoSuchMethodError'{0x000000008dd4b000}: <clinit>> (0x000000008dd4b000) thrown at [./src/hotspot/share/prims/jni.cpp, line 1362]
Event: 28.735 Thread 0x000002332cf78800 Exception <a 'java/lang/NoSuchMethodError'{0x000000008ddaa560}: <clinit>> (0x000000008ddaa560) thrown at [./src/hotspot/share/prims/jni.cpp, line 1362]
Event: 28.736 Thread 0x000002332cf78800 Exception <a 'java/lang/NoSuchMethodError'{0x000000008ddcab38}: <clinit>> (0x000000008ddcab38) thrown at [./src/hotspot/share/prims/jni.cpp, line 1362]
Event: 28.737 Thread 0x000002332cf78800 Exception <a 'java/lang/NoSuchMethodError'{0x000000008ddeb3d0}: <clinit>> (0x000000008ddeb3d0) thrown at [./src/hotspot/share/prims/jni.cpp, line 1362]
Event: 28.903 Thread 0x000002332d00b800 Exception <a 'java/lang/NoSuchMethodError'{0x000000008da43ff0}: 'java.lang.Object java.lang.invoke.DirectMethodHandle$Holder.invokeStatic(java.lang.Object, java.lang.Object, java.lang.Object, java.lang.Object, java.lang.Object, java.lang.Object, java.lang.Object, java.lang.Object, java.lang.Object, java.lang.Object, java.lang.Object, java.lang.Object, java.lang.Object, int)'> (0x000000008da43ff0) thrown at [./src/hotspot/share/interpreter/linkResolver.cpp, line 773]
Event: 28.903 Thread 0x000002332d00b800 Exception <a 'java/lang/NoSuchMethodError'{0x000000008da50a60}: 'java.lang.Object java.lang.invoke.DirectMethodHandle$Holder.invokeStatic(java.lang.Object, java.lang.Object, java.lang.Object, java.lang.Object, java.lang.Object, java.lang.Object, java.lang.Object, java.lang.Object, java.lang.Object, java.lang.Object, java.lang.Object, java.lang.Object, java.lang.Object, int, int)'> (0x000000008da50a60) thrown at [./src/hotspot/share/interpreter/linkResolver.cpp, line 773]
Event: 40.010 Thread 0x000002332cf78800 Exception <a 'java/lang/NoSuchMethodError'{0x000000008d81c270}: 'void java.lang.invoke.DirectMethodHandle$Holder.invokeStatic(java.lang.Object, java.lang.Object, java.lang.Object, java.lang.Object, java.lang.Object, java.lang.Object, java.lang.Object)'> (0x000000008d81c270) thrown at [./src/hotspot/share/interpreter/linkResolver.cpp, line 773]
Event: 40.027 Thread 0x000002332cab5000 Exception <a 'java/lang/NoSuchMethodError'{0x000000008d70b6a0}: <clinit>> (0x000000008d70b6a0) thrown at [./src/hotspot/share/prims/jni.cpp, line 1362]

Events (20 events):
Event: 40.665 Executing VM operation: RevokeBias done
Event: 40.671 Executing VM operation: RevokeBias
Event: 40.672 Executing VM operation: RevokeBias done
Event: 40.672 Executing VM operation: RevokeBias
Event: 40.673 Executing VM operation: RevokeBias done
Event: 40.673 Executing VM operation: RevokeBias
Event: 40.673 Executing VM operation: RevokeBias done
Event: 40.677 Executing VM operation: RevokeBias
Event: 40.678 Executing VM operation: RevokeBias done
Event: 40.684 Executing VM operation: RevokeBias
Event: 40.685 Executing VM operation: RevokeBias done
Event: 40.686 Executing VM operation: RevokeBias
Event: 40.686 Executing VM operation: RevokeBias done
Event: 40.686 loading class sun/rmi/transport/DGCClient$EndpointEntry$CleanRequest
Event: 40.686 loading class sun/rmi/transport/DGCClient$EndpointEntry$CleanRequest done
Event: 40.721 Executing VM operation: RevokeBias
Event: 40.722 Executing VM operation: RevokeBias done
Event: 40.722 Thread 0x000002332d004000 Thread exited: 0x000002332d004000
Event: 41.001 Executing VM operation: G1CollectForAllocation
Event: 41.007 Executing VM operation: G1CollectForAllocation done


Dynamic libraries:
0x00007ff64fce0000 - 0x00007ff64fcea000 	D:\allLife\jre\bin\java.exe
0x00007ffc0c3f0000 - 0x00007ffc0c5e5000 	C:\WINDOWS\SYSTEM32\ntdll.dll
0x00007ffc0c1a0000 - 0x00007ffc0c25e000 	C:\WINDOWS\System32\KERNEL32.DLL
0x00007ffc09cd0000 - 0x00007ffc09f98000 	C:\WINDOWS\System32\KERNELBASE.dll
0x00007ffc0a1f0000 - 0x00007ffc0a2f0000 	C:\WINDOWS\System32\ucrtbase.dll
0x00007ffbf7e50000 - 0x00007ffbf7e69000 	D:\allLife\jre\bin\jli.dll
0x00007ffbf79e0000 - 0x00007ffbf79f7000 	D:\allLife\jre\bin\VCRUNTIME140.dll
0x00007ffc0a450000 - 0x00007ffc0a5f0000 	C:\WINDOWS\System32\USER32.dll
0x00007ffc09ca0000 - 0x00007ffc09cc2000 	C:\WINDOWS\System32\win32u.dll
0x00007ffbe7ab0000 - 0x00007ffbe7d4a000 	C:\WINDOWS\WinSxS\amd64_microsoft.windows.common-controls_6595b64144ccf1df_6.0.19041.1110_none_60b5254171f9507e\COMCTL32.dll
0x00007ffc0af40000 - 0x00007ffc0af6b000 	C:\WINDOWS\System32\GDI32.dll
0x00007ffc0be20000 - 0x00007ffc0bebe000 	C:\WINDOWS\System32\msvcrt.dll
0x00007ffc0a050000 - 0x00007ffc0a15b000 	C:\WINDOWS\System32\gdi32full.dll
0x00007ffc0a340000 - 0x00007ffc0a3dd000 	C:\WINDOWS\System32\msvcp_win.dll
0x00007ffc0adf0000 - 0x00007ffc0ae20000 	C:\WINDOWS\System32\IMM32.DLL
0x00007ffbf69d0000 - 0x00007ffbf6a6d000 	D:\allLife\jre\bin\msvcp140.dll
0x00007ffba8c80000 - 0x00007ffba9755000 	D:\allLife\jre\bin\server\jvm.dll
0x00007ffc0ad40000 - 0x00007ffc0adee000 	C:\WINDOWS\System32\ADVAPI32.dll
0x00007ffc0ac90000 - 0x00007ffc0ad2c000 	C:\WINDOWS\System32\sechost.dll
0x00007ffc0b0b0000 - 0x00007ffc0b1d5000 	C:\WINDOWS\System32\RPCRT4.dll
0x00007ffc0ad30000 - 0x00007ffc0ad38000 	C:\WINDOWS\System32\PSAPI.DLL
0x00007ffbf9b50000 - 0x00007ffbf9b59000 	C:\WINDOWS\SYSTEM32\WSOCK32.dll
0x00007ffc0c260000 - 0x00007ffc0c2cb000 	C:\WINDOWS\System32\WS2_32.dll
0x00007ffc01690000 - 0x00007ffc0169a000 	C:\WINDOWS\SYSTEM32\VERSION.dll
0x00007ffc00620000 - 0x00007ffc00647000 	C:\WINDOWS\SYSTEM32\WINMM.dll
0x00007ffc07a20000 - 0x00007ffc07a32000 	C:\WINDOWS\SYSTEM32\kernel.appcore.dll
0x00007ffc05940000 - 0x00007ffc05951000 	D:\allLife\jre\bin\verify.dll
0x00007ffbefae0000 - 0x00007ffbefcc4000 	C:\WINDOWS\SYSTEM32\DBGHELP.DLL
0x00007ffbefa10000 - 0x00007ffbefa3c000 	C:\WINDOWS\SYSTEM32\dbgcore.DLL
0x00007ffc0a160000 - 0x00007ffc0a1e2000 	C:\WINDOWS\System32\bcryptPrimitives.dll
0x00007ffc03be0000 - 0x00007ffc03c09000 	D:\allLife\jre\bin\java.dll
0x00007ffc05930000 - 0x00007ffc0593b000 	D:\allLife\jre\bin\jimage.dll
0x00007ffc03b40000 - 0x00007ffc03b58000 	D:\allLife\jre\bin\zip.dll
0x00007ffc0b6d0000 - 0x00007ffc0be14000 	C:\WINDOWS\System32\SHELL32.dll
0x00007ffc07c20000 - 0x00007ffc083b4000 	C:\WINDOWS\SYSTEM32\windows.storage.dll
0x00007ffc0b290000 - 0x00007ffc0b5e4000 	C:\WINDOWS\System32\combase.dll
0x00007ffc09570000 - 0x00007ffc0959c000 	C:\WINDOWS\SYSTEM32\Wldp.dll
0x00007ffc0b1e0000 - 0x00007ffc0b28d000 	C:\WINDOWS\System32\SHCORE.dll
0x00007ffc0c140000 - 0x00007ffc0c195000 	C:\WINDOWS\System32\shlwapi.dll
0x00007ffc09a50000 - 0x00007ffc09a6f000 	C:\WINDOWS\SYSTEM32\profapi.dll
0x00007ffc03130000 - 0x00007ffc0314a000 	D:\allLife\jre\bin\net.dll
0x00007ffbf8f40000 - 0x00007ffbf9049000 	C:\WINDOWS\SYSTEM32\WINHTTP.dll
0x00007ffc092d0000 - 0x00007ffc0933a000 	C:\WINDOWS\system32\mswsock.dll
0x00007ffbfe770000 - 0x00007ffbfe784000 	D:\allLife\jre\bin\nio.dll
0x00007ffbf7e70000 - 0x00007ffbf7e97000 	C:\Users\dkobi\.gradle\native\e1d6ef7f7dcc3fd88c89a11ec53ec762bb8ba0a96d01ffa2cd45eb1d1d8dd5c5\windows-amd64\native-platform.dll
0x00007ffbf45c0000 - 0x00007ffbf4704000 	C:\Users\dkobi\.gradle\native\5664cfc778a61ccfe75a443a1ab52a65af34e5dc3c78e0209fed803814484fcb\windows-amd64\native-platform-file-events.dll
0x00007ffc058c0000 - 0x00007ffc058ca000 	D:\allLife\jre\bin\management.dll
0x00007ffc03de0000 - 0x00007ffc03ded000 	D:\allLife\jre\bin\management_ext.dll
0x00007ffc094d0000 - 0x00007ffc094e8000 	C:\WINDOWS\SYSTEM32\CRYPTSP.dll
0x00007ffc08be0000 - 0x00007ffc08c14000 	C:\WINDOWS\system32\rsaenh.dll
0x00007ffc09c70000 - 0x00007ffc09c97000 	C:\WINDOWS\System32\bcrypt.dll
0x00007ffc099d0000 - 0x00007ffc099fe000 	C:\WINDOWS\SYSTEM32\USERENV.dll
0x00007ffc094c0000 - 0x00007ffc094cc000 	C:\WINDOWS\SYSTEM32\CRYPTBASE.dll
0x00007ffc08f70000 - 0x00007ffc08fab000 	C:\WINDOWS\SYSTEM32\IPHLPAPI.DLL
0x00007ffc0a720000 - 0x00007ffc0a728000 	C:\WINDOWS\System32\NSI.dll
0x00007ffc01410000 - 0x00007ffc01427000 	C:\WINDOWS\SYSTEM32\dhcpcsvc6.DLL
0x00007ffc01640000 - 0x00007ffc0165d000 	C:\WINDOWS\SYSTEM32\dhcpcsvc.DLL
0x00007ffc08fc0000 - 0x00007ffc0908a000 	C:\WINDOWS\SYSTEM32\DNSAPI.dll
0x00007ffbf7fc0000 - 0x00007ffbf7fde000 	C:\Users\dkobi\AppData\Local\Temp\native-platform13020577001363583269dir\native-platform.dll
0x00007ffbf8160000 - 0x00007ffbf8168000 	D:\allLife\jre\bin\rmi.dll
0x00007ffbec250000 - 0x00007ffbec267000 	C:\WINDOWS\system32\napinsp.dll
0x00007ffbeba50000 - 0x00007ffbeba6b000 	C:\WINDOWS\system32\pnrpnsp.dll
0x00007ffc03ba0000 - 0x00007ffc03bb5000 	C:\WINDOWS\system32\wshbth.dll
0x00007ffc056a0000 - 0x00007ffc056bd000 	C:\WINDOWS\system32\NLAapi.dll
0x00007ffbeba30000 - 0x00007ffbeba42000 	C:\WINDOWS\System32\winrnr.dll
0x000000005c4f0000 - 0x000000005c516000 	C:\Program Files\Bonjour\mdnsNSP.dll
0x00007ffc016c0000 - 0x00007ffc016ca000 	C:\Windows\System32\rasadhlp.dll
0x00007ffbfd4d0000 - 0x00007ffbfd54f000 	C:\WINDOWS\System32\fwpuclnt.dll

dbghelp: loaded successfully - version: 4.0.5 - missing functions: none
symbol engine: initialized successfully - sym options: 0x614 - pdb path: .;D:\allLife\jre\bin;C:\WINDOWS\SYSTEM32;C:\WINDOWS\WinSxS\amd64_microsoft.windows.common-controls_6595b64144ccf1df_6.0.19041.1110_none_60b5254171f9507e;D:\allLife\jre\bin\server;C:\Users\dkobi\.gradle\native\e1d6ef7f7dcc3fd88c89a11ec53ec762bb8ba0a96d01ffa2cd45eb1d1d8dd5c5\windows-amd64;C:\Users\dkobi\.gradle\native\5664cfc778a61ccfe75a443a1ab52a65af34e5dc3c78e0209fed803814484fcb\windows-amd64;C:\Users\dkobi\AppData\Local\Temp\native-platform13020577001363583269dir;C:\Program Files\Bonjour

VM Arguments:
jvm_args: --add-opens=java.base/java.util=ALL-UNNAMED --add-opens=java.base/java.lang=ALL-UNNAMED --add-opens=java.base/java.lang.invoke=ALL-UNNAMED --add-opens=java.base/java.util=ALL-UNNAMED --add-opens=java.prefs/java.util.prefs=ALL-UNNAMED --add-opens=java.prefs/java.util.prefs=ALL-UNNAMED --add-opens=java.base/java.nio.charset=ALL-UNNAMED --add-opens=java.base/java.net=ALL-UNNAMED --add-opens=java.base/java.util.concurrent.atomic=ALL-UNNAMED -Xmx2048m -Dfile.encoding=UTF-8 -Duser.country=RU -Duser.language=ru -Duser.variant 
java_command: org.gradle.launcher.daemon.bootstrap.GradleDaemon 7.2
java_class_path (initial): C:\Users\dkobi\.gradle\wrapper\dists\gradle-7.2-bin\2dnblmf4td7x66yl1d74lt32g\gradle-7.2\lib\gradle-launcher-7.2.jar
Launcher Type: SUN_STANDARD

[Global flags]
     intx CICompilerCount                          = 3                                         {product} {ergonomic}
     uint ConcGCThreads                            = 1                                         {product} {ergonomic}
     uint G1ConcRefinementThreads                  = 4                                         {product} {ergonomic}
   size_t G1HeapRegionSize                         = 1048576                                   {product} {ergonomic}
    uintx GCDrainStackTargetSize                   = 64                                        {product} {ergonomic}
   size_t InitialHeapSize                          = 201326592                                 {product} {ergonomic}
   size_t MarkStackSize                            = 4194304                                   {product} {ergonomic}
   size_t MaxHeapSize                              = 2147483648                                {product} {command line}
   size_t MaxNewSize                               = 1287651328                                {product} {ergonomic}
   size_t MinHeapDeltaBytes                        = 1048576                                   {product} {ergonomic}
    uintx NonNMethodCodeHeapSize                   = 5830732                                {pd product} {ergonomic}
    uintx NonProfiledCodeHeapSize                  = 122913754                              {pd product} {ergonomic}
    uintx ProfiledCodeHeapSize                     = 122913754                              {pd product} {ergonomic}
    uintx ReservedCodeCacheSize                    = 251658240                              {pd product} {ergonomic}
     bool SegmentedCodeCache                       = true                                      {product} {ergonomic}
     bool UseCompressedClassPointers               = true                                 {lp64_product} {ergonomic}
     bool UseCompressedOops                        = true                                 {lp64_product} {ergonomic}
     bool UseG1GC                                  = true                                      {product} {ergonomic}
     bool UseLargePagesIndividualAllocation        = false                                  {pd product} {ergonomic}

Logging:
Log output configuration:
 #0: stdout all=warning uptime,level,tags
 #1: stderr all=off uptime,level,tags

Environment Variables:
PATH=C:\Program Files\Common Files\Oracle\Java\javapath;C:\Program Files (x86)\Common Files\Oracle\Java\javapath;C:\Program Files (x86)\Intel\iCLS Client\;C:\Program Files\Intel\iCLS Client\;C:\Windows\system32;C:\Windows;C:\Windows\System32\Wbem;C:\Windows\System32\WindowsPowerShell\v1.0\;C:\Program Files (x86)\Intel\Intel(R) Management Engine Components\DAL;C:\Program Files\Intel\Intel(R) Management Engine Components\DAL;C:\Program Files (x86)\Intel\Intel(R) Management Engine Components\IPT;C:\Program Files\Intel\Intel(R) Management Engine Components\IPT;C:\Program Files (x86)\NVIDIA Corporation\PhysX\Common;C:\WINDOWS\system32;C:\WINDOWS;C:\WINDOWS\System32\Wbem;C:\WINDOWS\System32\WindowsPowerShell\v1.0\;C:\WINDOWS\System32\OpenSSH\;C:\Program Files\NVIDIA Corporation\NVIDIA NvDLISR;C:\Program Files\Microsoft SQL Server\130\Tools\Binn\;C:\Program Files (x86)\Microsoft SQL Server\150\DTS\Binn\;D:\Git\cmd;C:\Program Files\Microsoft SQL Server\150\Tools\Binn\;C:\Program Files\Microsoft SQL Server\Client SDK\ODBC\170\Tools\Binn\;C:\Program Files\dotnet\;C:\Users\dkobi\AppData\Local\Microsoft\WindowsApps;D:\IntelliJ IDEA Community Edition 2020.3.2\bin;C:\Users\dkobi\.dotnet\tools;C:\Program Files\Azure Data Studio\bin;C:\Users\dkobi\AppData\Local\GitHubDesktop\bin;C:\Users\dkobi\.dotnet\tools
USERNAME=dkobi
OS=Windows_NT
PROCESSOR_IDENTIFIER=Intel64 Family 6 Model 158 Stepping 9, GenuineIntel



---------------  S Y S T E M  ---------------

OS: Windows 10 , 64 bit Build 19041 (10.0.19041.1566)
OS uptime: 12 days 0:29 hours

CPU:total 4 (initial active 4) (4 cores per cpu, 1 threads per core) family 6 model 158 stepping 9 microcode 0xb4, cmov, cx8, fxsr, mmx, sse, sse2, sse3, ssse3, sse4.1, sse4.2, popcnt, avx, avx2, aes, clmul, erms, 3dnowpref, lzcnt, tsc, tscinvbit, bmi1, bmi2, adx, fma

Memory: 4k page, system-wide physical 12171M (1081M free)
TotalPageFile size 16635M (AvailPageFile size 0M)
current process WorkingSet (physical memory assigned to process): 489M, peak: 502M
current process commit charge ("private bytes"): 529M, peak: 543M

vm_info: OpenJDK 64-Bit Server VM (11.0.11+9-b60-7590822) for windows-amd64 JRE (11.0.11+9-b60-7590822), built on Jul 29 2021 21:43:44 by "builder" with MS VC++ 14.0 (VS2015)

END.
